[ 2017-04-13T11:41:02+08:00 ] 117.136.67.14 /
NOTIC: [8] Constant __APP__ already defined /home/yixiugegygi4xtigudgge/wwwroot/extend/ThinkPHP/Lib/Core/Dispatcher.class.php 第 143 行.
INFO: [ app_begin ] --START--
INFO: ReadHtmlCache Behavior ::run [ RunTime:0.001676s ]
INFO: [ app_begin ] --END-- [ RunTime:0.001921s ]
SQL: SHOW COLUMNS FROM `db_sys_param` [ RunTime:0.004750s ]
SQL: SELECT `param_value` FROM `db_sys_param` WHERE ( `param_code` = 'web_title' ) LIMIT 1   [ RunTime:0.002833s ]
SQL: SELECT `param_value` FROM `db_sys_param` WHERE ( `param_code` = 'web_copyright' ) LIMIT 1   [ RunTime:0.000424s ]
NOTIC: [8] Undefined index: code /home/yixiugegygi4xtigudgge/wwwroot/Application/Modules/Wap/Action/BaseAction.class.php 第 673 行.

[ 2017-04-13T11:41:04+08:00 ] 117.136.67.14 /wap/index/index.shtml?code=051r1k891Qdf8S1Un5a917yi891r1k8F&state=123
INFO: [ route_check ] --START--
INFO: CheckRoute Behavior ::run [ RunTime:0.003422s ]
INFO: [ route_check ] --END-- [ RunTime:0.003652s ]
NOTIC: [8] Constant __APP__ already defined /home/yixiugegygi4xtigudgge/wwwroot/extend/ThinkPHP/Lib/Core/Dispatcher.class.php 第 143 行.
INFO: [ app_begin ] --START--
INFO: ReadHtmlCache Behavior ::run [ RunTime:0.000649s ]
INFO: [ app_begin ] --END-- [ RunTime:0.000728s ]
SQL: SHOW COLUMNS FROM `db_sys_param` [ RunTime:0.000736s ]
SQL: SELECT `param_value` FROM `db_sys_param` WHERE ( `param_code` = 'web_title' ) LIMIT 1   [ RunTime:0.000092s ]
SQL: SELECT `param_value` FROM `db_sys_param` WHERE ( `param_code` = 'web_copyright' ) LIMIT 1   [ RunTime:0.000083s ]
NOTIC: [8] Undefined variable: ch /home/yixiugegygi4xtigudgge/wwwroot/Application/Lib/Action/CommonAction.class.php 第 1100 行.
NOTIC: [2] curl_setopt() expects parameter 1 to be resource, null given /home/yixiugegygi4xtigudgge/wwwroot/Application/Lib/Action/CommonAction.class.php 第 1100 行.
NOTIC: [8] Undefined variable: ch /home/yixiugegygi4xtigudgge/wwwroot/Application/Lib/Action/CommonAction.class.php 第 1101 行.
NOTIC: [2] curl_setopt() expects parameter 1 to be resource, null given /home/yixiugegygi4xtigudgge/wwwroot/Application/Lib/Action/CommonAction.class.php 第 1101 行.
NOTIC: [8] Undefined index: member /home/yixiugegygi4xtigudgge/wwwroot/Application/Modules/Wap/Action/BaseAction.class.php 第 698 行.
SQL: SHOW COLUMNS FROM `db_member_rember_token` [ RunTime:0.005370s ]
SQL: SELECT * FROM `db_member_rember_token` WHERE ( `session_id` = '875f83b917c6bbb7c279b76ff42c0adf' ) AND ( `add_time` > 1490845263 ) LIMIT 1   [ RunTime:0.004039s ]
SQL: SHOW COLUMNS FROM `db_member` [ RunTime:0.003251s ]
SQL: SELECT * FROM `db_member` WHERE ( `openid` = 'o1dgTv9vzUWqwck_7sMp0yJDh9PU' ) LIMIT 1   [ RunTime:0.004074s ]
SQL: SELECT * FROM `db_member_rember_token` WHERE ( `openid` = 'o1dgTv9vzUWqwck_7sMp0yJDh9PU' ) ORDER BY add_time desc LIMIT 1   [ RunTime:0.000435s ]
SQL: SELECT `id` FROM `db_member` WHERE ( member_card="yixiuge" ) LIMIT 1   [ RunTime:0.000374s ]
SQL: SHOW COLUMNS FROM `db_member_detail` [ RunTime:0.002528s ]
SQL: SELECT * FROM `db_member_detail` WHERE ( member_id= ) LIMIT 1   [ RunTime:0.000214s ]
ERR: 1064:You have an error in your SQL syntax; check the manual that corresponds to your MySQL server version for the right syntax to use near ') LIMIT 1' at line 1
 [ SQL语句 ] : SELECT * FROM `db_member_detail` WHERE ( member_id= ) LIMIT 1  
SQL: INSERT INTO `db_member` (`openid`,`add_time`,`recommend_code`,`last_login_ip`,`last_login_time`,`login_ip`,`login_time`,`login_count`) VALUES ('o1dgTv9vzUWqwck_7sMp0yJDh9PU',1492054863,'yixiuge','117.136.67.14',1492054863,'117.136.67.14',1492054863,1) [ RunTime:0.000578s ]
SQL: INSERT INTO `db_member_detail` (`points`,`member_id`) VALUES (0,4) [ RunTime:0.003544s ]
SQL: UPDATE `db_member` SET `member_card`='0000004',`member_name`='YX0000004' WHERE ( `id` = 4 ) [ RunTime:0.000548s ]
NOTIC: [8] Undefined index: member_name /home/yixiugegygi4xtigudgge/wwwroot/Application/Modules/Wap/Action/BaseAction.class.php 第 308 行.
NOTIC: [8] Undefined index: mobile /home/yixiugegygi4xtigudgge/wwwroot/Application/Modules/Wap/Action/BaseAction.class.php 第 309 行.
SQL: SHOW COLUMNS FROM `db_member_login_log` [ RunTime:0.009379s ]
SQL: INSERT INTO `db_member_login_log` (`member_id`,`login_ip`,`login_time`,`type`) VALUES (4,'117.136.67.14',1492054863,1) [ RunTime:0.002630s ]
SQL: SELECT * FROM `db_member` WHERE ( `id` = 4 ) LIMIT 1   [ RunTime:0.000441s ]
NOTIC: [8] Undefined index: user_info /home/yixiugegygi4xtigudgge/wwwroot/Application/Modules/Wap/Action/BaseAction.class.php 第 208 行.
NOTIC: [8] Undefined variable: ch /home/yixiugegygi4xtigudgge/wwwroot/Application/Lib/Action/CommonAction.class.php 第 1100 行.
NOTIC: [2] curl_setopt() expects parameter 1 to be resource, null given /home/yixiugegygi4xtigudgge/wwwroot/Application/Lib/Action/CommonAction.class.php 第 1100 行.
NOTIC: [8] Undefined variable: ch /home/yixiugegygi4xtigudgge/wwwroot/Application/Lib/Action/CommonAction.class.php 第 1101 行.
NOTIC: [2] curl_setopt() expects parameter 1 to be resource, null given /home/yixiugegygi4xtigudgge/wwwroot/Application/Lib/Action/CommonAction.class.php 第 1101 行.
NOTIC: [8] Undefined variable: ch /home/yixiugegygi4xtigudgge/wwwroot/Application/Lib/Action/CommonAction.class.php 第 1100 行.
NOTIC: [2] curl_setopt() expects parameter 1 to be resource, null given /home/yixiugegygi4xtigudgge/wwwroot/Application/Lib/Action/CommonAction.class.php 第 1100 行.
NOTIC: [8] Undefined variable: ch /home/yixiugegygi4xtigudgge/wwwroot/Application/Lib/Action/CommonAction.class.php 第 1101 行.
NOTIC: [2] curl_setopt() expects parameter 1 to be resource, null given /home/yixiugegygi4xtigudgge/wwwroot/Application/Lib/Action/CommonAction.class.php 第 1101 行.
NOTIC: [8] Undefined property: stdClass::$errcode /home/yixiugegygi4xtigudgge/wwwroot/Application/Modules/Wap/Action/BaseAction.class.php 第 767 行.
NOTIC: [8] Undefined variable: ch /home/yixiugegygi4xtigudgge/wwwroot/Application/Lib/Action/CommonAction.class.php 第 1100 行.
NOTIC: [2] curl_setopt() expects parameter 1 to be resource, null given /home/yixiugegygi4xtigudgge/wwwroot/Application/Lib/Action/CommonAction.class.php 第 1100 行.
NOTIC: [8] Undefined variable: ch /home/yixiugegygi4xtigudgge/wwwroot/Application/Lib/Action/CommonAction.class.php 第 1101 行.
NOTIC: [2] curl_setopt() expects parameter 1 to be resource, null given /home/yixiugegygi4xtigudgge/wwwroot/Application/Lib/Action/CommonAction.class.php 第 1101 行.
NOTIC: [8] Undefined property: stdClass::$errcode /home/yixiugegygi4xtigudgge/wwwroot/Application/Modules/Wap/Action/BaseAction.class.php 第 767 行.
SQL: UPDATE `db_member` SET `member_logo`='http://wx.qlogo.cn/mmopen/ajNVdqHZLLBaXy6ZjhPTzxBqmfpKZibhDWX1SpWjJK58ILdvUic7fFTIyiaMTDkRzMeE9pIIdibiceDjiar2UfAmBGgt83pfhr46f6geMQewUARDw/0',`member_name`='◤　倾城一笑り抵我半壁江山、',`is_guanzhu`=1,`is_update`=1,`guanzhu_time`=1492054860 WHERE ( `id` = 4 ) [ RunTime:0.006109s ]
SQL: SHOW COLUMNS FROM `db_member_integral` [ RunTime:0.002514s ]
SQL: SHOW COLUMNS FROM `db_member_consume_record` [ RunTime:0.005937s ]
SQL: SELECT `member_id`,`points`,`balance` FROM `db_member_detail` WHERE ( `member_id` = '4' ) LIMIT 1   [ RunTime:0.000522s ]
NOTIC: [8] Undefined index: type /home/yixiugegygi4xtigudgge/wwwroot/Application/Lib/Action/CommonAction.class.php 第 748 行.
SQL: UPDATE `db_member_detail` SET `points`=20 WHERE ( `member_id` = '4' ) [ RunTime:0.000625s ]
SQL: INSERT INTO `db_member_integral` (`des`,`status`,`type`,`add_time`,`member_id`,`integral`) VALUES ('首次关注获得积分：',1,1,1492054864,4,20) [ RunTime:0.005041s ]
SQL: INSERT INTO `db_member_consume_record` (`des`,`status`,`type`,`add_time`,`member_id`,`integral`) VALUES ('首次关注获得积分：',1,1,1492054864,4,20) [ RunTime:0.003763s ]
SQL: SELECT `is_guanzhu` FROM `db_member` WHERE ( `id` = 4 ) LIMIT 1   [ RunTime:0.000385s ]
SQL: SELECT * FROM `db_member` WHERE ( `id` = 4 ) LIMIT 1   [ RunTime:0.000333s ]
SQL: SELECT * FROM `db_member` WHERE ( `id` = 4 ) LIMIT 1   [ RunTime:0.000105s ]
SQL: SELECT `member_vip_type` FROM `db_member` WHERE ( id=4 ) LIMIT 1   [ RunTime:0.000683s ]
SQL: SHOW COLUMNS FROM `db_member_verification` [ RunTime:0.002474s ]
SQL: SELECT * FROM `db_member_verification` WHERE ( member_id=4 ) LIMIT 1   [ RunTime:0.002947s ]

[ 2017-04-13T11:41:05+08:00 ] 117.136.67.14 /wap/login/binding_phone.shtml
INFO: [ route_check ] --START--
INFO: CheckRoute Behavior ::run [ RunTime:0.000744s ]
INFO: [ route_check ] --END-- [ RunTime:0.000899s ]
NOTIC: [8] Constant __APP__ already defined /home/yixiugegygi4xtigudgge/wwwroot/extend/ThinkPHP/Lib/Core/Dispatcher.class.php 第 143 行.
INFO: [ app_begin ] --START--
INFO: ReadHtmlCache Behavior ::run [ RunTime:0.000423s ]
INFO: [ app_begin ] --END-- [ RunTime:0.000491s ]
SQL: SHOW COLUMNS FROM `db_sys_param` [ RunTime:0.000706s ]
SQL: SELECT `param_value` FROM `db_sys_param` WHERE ( `param_code` = 'web_title' ) LIMIT 1   [ RunTime:0.000120s ]
SQL: SELECT `param_value` FROM `db_sys_param` WHERE ( `param_code` = 'web_copyright' ) LIMIT 1   [ RunTime:0.000081s ]
SQL: SHOW COLUMNS FROM `db_member_rember_token` [ RunTime:0.000433s ]
SQL: SELECT * FROM `db_member_rember_token` WHERE ( `session_id` = '875f83b917c6bbb7c279b76ff42c0adf' ) AND ( `member_id` = 4 ) LIMIT 1   [ RunTime:0.000360s ]
SQL: SHOW COLUMNS FROM `db_member` [ RunTime:0.000727s ]
SQL: SELECT * FROM `db_member` WHERE ( `id` = 4 ) LIMIT 1   [ RunTime:0.000122s ]
NOTIC: [8] Undefined variable: ch /home/yixiugegygi4xtigudgge/wwwroot/Application/Lib/Action/CommonAction.class.php 第 1100 行.
NOTIC: [2] curl_setopt() expects parameter 1 to be resource, null given /home/yixiugegygi4xtigudgge/wwwroot/Application/Lib/Action/CommonAction.class.php 第 1100 行.
NOTIC: [8] Undefined variable: ch /home/yixiugegygi4xtigudgge/wwwroot/Application/Lib/Action/CommonAction.class.php 第 1101 行.
NOTIC: [2] curl_setopt() expects parameter 1 to be resource, null given /home/yixiugegygi4xtigudgge/wwwroot/Application/Lib/Action/CommonAction.class.php 第 1101 行.
NOTIC: [8] Undefined property: stdClass::$errcode /home/yixiugegygi4xtigudgge/wwwroot/Application/Modules/Wap/Action/BaseAction.class.php 第 767 行.
SQL: SELECT `is_guanzhu` FROM `db_member` WHERE ( `id` = 4 ) LIMIT 1   [ RunTime:0.000205s ]
SQL: SELECT * FROM `db_member` WHERE ( `id` = 4 ) LIMIT 1   [ RunTime:0.000139s ]
SQL: SELECT * FROM `db_member` WHERE ( `id` = 4 ) LIMIT 1   [ RunTime:0.000139s ]
SQL: SELECT `member_vip_type` FROM `db_member` WHERE ( id=4 ) LIMIT 1   [ RunTime:0.000174s ]
SQL: SHOW COLUMNS FROM `db_member_verification` [ RunTime:0.001181s ]
SQL: SELECT * FROM `db_member_verification` WHERE ( member_id=4 ) LIMIT 1   [ RunTime:0.000132s ]
SQL: SELECT COUNT(*) AS tp_count FROM `db_member_verification` WHERE ( member_id=4 ) LIMIT 1   [ RunTime:0.000413s ]
INFO: [ view_parse ] --START--
INFO: ParseTemplate Behavior ::run [ RunTime:0.021565s ]
INFO: [ view_parse ] --END-- [ RunTime:0.021755s ]
INFO: [ view_filter ] --START--
NOTIC: [8] Use of undefined constant APP_GROUP_PATH - assumed 'APP_GROUP_PATH' /home/yixiugegygi4xtigudgge/wwwroot/extend/ThinkPHP/Lib/Behavior/ContentReplaceBehavior.class.php 第 49 行.
INFO: ContentReplace Behavior ::run [ RunTime:0.000906s ]
INFO: TokenBuild Behavior ::run [ RunTime:0.000715s ]
INFO: WriteHtmlCache Behavior ::run [ RunTime:0.000513s ]
INFO: ShowRuntime Behavior ::run [ RunTime:0.000716s ]
INFO: [ view_filter ] --END-- [ RunTime:0.003037s ]
INFO: [ view_end ] --START--
INFO: ShowPageTrace Behavior ::run [ RunTime:0.000890s ]
INFO: [ view_end ] --END-- [ RunTime:0.000955s ]

[ 2017-04-13T11:41:11+08:00 ] 140.207.185.109 /
NOTIC: [8] Constant __APP__ already defined /home/yixiugegygi4xtigudgge/wwwroot/extend/ThinkPHP/Lib/Core/Dispatcher.class.php 第 143 行.
INFO: [ app_begin ] --START--
INFO: ReadHtmlCache Behavior ::run [ RunTime:0.000455s ]
INFO: [ app_begin ] --END-- [ RunTime:0.000605s ]
SQL: SHOW COLUMNS FROM `db_sys_param` [ RunTime:0.001053s ]
SQL: SELECT `param_value` FROM `db_sys_param` WHERE ( `param_code` = 'web_title' ) LIMIT 1   [ RunTime:0.000091s ]
SQL: SELECT `param_value` FROM `db_sys_param` WHERE ( `param_code` = 'web_copyright' ) LIMIT 1   [ RunTime:0.000089s ]
NOTIC: [8] Undefined index: code /home/yixiugegygi4xtigudgge/wwwroot/Application/Modules/Wap/Action/BaseAction.class.php 第 673 行.

[ 2017-04-13T11:41:12+08:00 ] 101.226.33.216 /wap/index/index.shtml
INFO: [ route_check ] --START--
INFO: CheckRoute Behavior ::run [ RunTime:0.000775s ]
INFO: [ route_check ] --END-- [ RunTime:0.000968s ]
NOTIC: [8] Constant __APP__ already defined /home/yixiugegygi4xtigudgge/wwwroot/extend/ThinkPHP/Lib/Core/Dispatcher.class.php 第 143 行.
INFO: [ app_begin ] --START--
INFO: ReadHtmlCache Behavior ::run [ RunTime:0.000453s ]
INFO: [ app_begin ] --END-- [ RunTime:0.000522s ]
SQL: SHOW COLUMNS FROM `db_sys_param` [ RunTime:0.000720s ]
SQL: SELECT `param_value` FROM `db_sys_param` WHERE ( `param_code` = 'web_title' ) LIMIT 1   [ RunTime:0.000141s ]
SQL: SELECT `param_value` FROM `db_sys_param` WHERE ( `param_code` = 'web_copyright' ) LIMIT 1   [ RunTime:0.000087s ]
NOTIC: [8] Undefined index: code /home/yixiugegygi4xtigudgge/wwwroot/Application/Modules/Wap/Action/BaseAction.class.php 第 673 行.

[ 2017-04-13T11:41:13+08:00 ] 117.136.67.14 /wap/member/index.shtml
INFO: [ route_check ] --START--
INFO: CheckRoute Behavior ::run [ RunTime:0.000685s ]
INFO: [ route_check ] --END-- [ RunTime:0.000847s ]
NOTIC: [8] Constant __APP__ already defined /home/yixiugegygi4xtigudgge/wwwroot/extend/ThinkPHP/Lib/Core/Dispatcher.class.php 第 143 行.
INFO: [ app_begin ] --START--
INFO: ReadHtmlCache Behavior ::run [ RunTime:0.000413s ]
INFO: [ app_begin ] --END-- [ RunTime:0.000470s ]
SQL: SHOW COLUMNS FROM `db_sys_param` [ RunTime:0.000706s ]
SQL: SELECT `param_value` FROM `db_sys_param` WHERE ( `param_code` = 'web_title' ) LIMIT 1   [ RunTime:0.000092s ]
SQL: SELECT `param_value` FROM `db_sys_param` WHERE ( `param_code` = 'web_copyright' ) LIMIT 1   [ RunTime:0.000084s ]
SQL: SHOW COLUMNS FROM `db_member_rember_token` [ RunTime:0.000434s ]
SQL: SELECT * FROM `db_member_rember_token` WHERE ( `session_id` = '875f83b917c6bbb7c279b76ff42c0adf' ) AND ( `member_id` = 4 ) LIMIT 1   [ RunTime:0.000088s ]
SQL: SHOW COLUMNS FROM `db_member` [ RunTime:0.000698s ]
SQL: SELECT * FROM `db_member` WHERE ( `id` = 4 ) LIMIT 1   [ RunTime:0.000153s ]
NOTIC: [8] Undefined variable: ch /home/yixiugegygi4xtigudgge/wwwroot/Application/Lib/Action/CommonAction.class.php 第 1100 行.
NOTIC: [2] curl_setopt() expects parameter 1 to be resource, null given /home/yixiugegygi4xtigudgge/wwwroot/Application/Lib/Action/CommonAction.class.php 第 1100 行.
NOTIC: [8] Undefined variable: ch /home/yixiugegygi4xtigudgge/wwwroot/Application/Lib/Action/CommonAction.class.php 第 1101 行.
NOTIC: [2] curl_setopt() expects parameter 1 to be resource, null given /home/yixiugegygi4xtigudgge/wwwroot/Application/Lib/Action/CommonAction.class.php 第 1101 行.
NOTIC: [8] Undefined property: stdClass::$errcode /home/yixiugegygi4xtigudgge/wwwroot/Application/Modules/Wap/Action/BaseAction.class.php 第 767 行.
SQL: SELECT `is_guanzhu` FROM `db_member` WHERE ( `id` = 4 ) LIMIT 1   [ RunTime:0.000205s ]
SQL: SELECT * FROM `db_member` WHERE ( `id` = 4 ) LIMIT 1   [ RunTime:0.000109s ]
SQL: SELECT * FROM `db_member` WHERE ( `id` = 4 ) LIMIT 1   [ RunTime:0.000099s ]
SQL: SELECT `member_vip_type` FROM `db_member` WHERE ( id=4 ) LIMIT 1   [ RunTime:0.000099s ]
SQL: SHOW COLUMNS FROM `db_member_verification` [ RunTime:0.000903s ]
SQL: SELECT * FROM `db_member_verification` WHERE ( member_id=4 ) LIMIT 1   [ RunTime:0.000096s ]
NOTIC: [8] Undefined property: stdClass::$errcode /home/yixiugegygi4xtigudgge/wwwroot/Application/Lib/Action/CommonAction.class.php 第 1070 行.
NOTIC: [8] Undefined variable: ch /home/yixiugegygi4xtigudgge/wwwroot/Application/Lib/Action/CommonAction.class.php 第 1100 行.
NOTIC: [2] curl_setopt() expects parameter 1 to be resource, null given /home/yixiugegygi4xtigudgge/wwwroot/Application/Lib/Action/CommonAction.class.php 第 1100 行.
NOTIC: [8] Undefined variable: ch /home/yixiugegygi4xtigudgge/wwwroot/Application/Lib/Action/CommonAction.class.php 第 1101 行.
NOTIC: [2] curl_setopt() expects parameter 1 to be resource, null given /home/yixiugegygi4xtigudgge/wwwroot/Application/Lib/Action/CommonAction.class.php 第 1101 行.
SQL: SELECT * FROM `db_member` WHERE ( `id` = 4 ) LIMIT 1   [ RunTime:0.000197s ]
SQL: SHOW COLUMNS FROM `db_member_detail` [ RunTime:0.001053s ]
SQL: SELECT * FROM `db_member_detail` WHERE ( `member_id` = 4 ) LIMIT 1   [ RunTime:0.000454s ]
SQL: SELECT COUNT(*) AS tp_count FROM db_g_collect_goods coll LEFT JOIN db_g_goods goods on goods.goods_id=coll.goods_id WHERE ( coll.user_id = 4 ) AND ( `is_attention` = 1 ) LIMIT 1   [ RunTime:0.013633s ]
SQL: SHOW COLUMNS FROM `db_member` [ RunTime:0.001054s ]
SQL: SELECT COUNT(*) AS tp_count FROM `db_member` WHERE ( recommend_code='0000004' or indirect_recommend_code='0000004' or indirect2_recommend_code='0000004' ) LIMIT 1   [ RunTime:0.000331s ]
SQL: SELECT COUNT(*) AS tp_count FROM db_member_good_collect coll LEFT JOIN db_group_goods goods on goods.id=coll.goods_id WHERE ( coll.member_id = 4 ) LIMIT 1   [ RunTime:0.005680s ]
SQL: SHOW COLUMNS FROM `db_member_consume_record` [ RunTime:0.000781s ]
SQL: SELECT SUM(money) AS tp_sum FROM `db_member_consume_record` WHERE ( `member_id` = 4 ) AND ( `status` = 1 ) AND ( `type` = 5 ) AND ( `type5_type` = 1 ) LIMIT 1   [ RunTime:0.000509s ]
SQL: SHOW COLUMNS FROM `db_g_order_info` [ RunTime:0.003117s ]
SQL: SELECT COUNT(*) AS tp_count FROM `db_g_order_info` WHERE ( `user_del` = 0 ) AND ( `user_id` = 4 ) AND ( activity_id = 0 or (activity_id > 0 and activity_status = 1) ) LIMIT 1   [ RunTime:0.005328s ]
SQL: SELECT COUNT(*) AS tp_count FROM `db_g_order_info` WHERE ( `user_del` = 0 ) AND ( `user_id` = 4 ) AND ( `pay_status` = 0 ) AND ( `order_status` = 0 ) AND ( `shipping_status` = 0 ) AND ( activity_id = 0 or (activity_id > 0 and activity_status = 1) ) LIMIT 1   [ RunTime:0.000713s ]
SQL: SELECT COUNT(*) AS tp_count FROM `db_g_order_info` WHERE ( `user_del` = 0 ) AND ( `user_id` = 4 ) AND ( `pay_status` = 2 ) AND ( `shipping_status` IN ('0','3') ) AND ( `order_status` IN ('1','0') ) AND ( activity_id = 0 or (activity_id > 0 and activity_status = 1) ) LIMIT 1   [ RunTime:0.000378s ]
SQL: SELECT COUNT(*) AS tp_count FROM `db_g_order_info` WHERE ( `user_del` = 0 ) AND ( `user_id` = 4 ) AND ( `pay_status` = 2 ) AND ( `shipping_status` = 1 ) AND ( `order_status` IN ('1','5') ) LIMIT 1   [ RunTime:0.000334s ]
SQL: SELECT COUNT(*) AS tp_count FROM `db_g_order_info` WHERE ( `user_del` = 0 ) AND ( `user_id` = 4 ) AND ( ((pay_status = 2 and shipping_status=2 ) or (pay_status = 2 and shipping_status=1 and order_status in ('2','3','4')) or (pay_status = 0 and order_status = 2 )) and (activity_id = 0 or (activity_id > 0 and activity_status = 1)) ) LIMIT 1   [ RunTime:0.000452s ]
SQL: SHOW COLUMNS FROM `db_g_order_refund_chat` [ RunTime:0.001963s ]
SQL: SELECT COUNT(*) AS tp_count FROM `db_g_order_refund_chat` WHERE ( `is_read` = 0 ) AND ( `member_id` = 4 ) AND ( `type` = 2 ) LIMIT 1   [ RunTime:0.002724s ]
SQL: SELECT `openid` FROM `db_member` WHERE ( `id` = 4 ) LIMIT 1   [ RunTime:0.000369s ]
INFO: [ view_parse ] --START--
NOTIC: [8] Undefined variable: vip_i /home/yixiugegygi4xtigudgge/wwwroot/Application/Runtime/Cache/Wap/84365976067c7ee7078aff0bc6738c10.php 第 64 行.
NOTIC: [8] Undefined variable: share_para /home/yixiugegygi4xtigudgge/wwwroot/Application/Runtime/Cache/Wap/84365976067c7ee7078aff0bc6738c10.php 第 103 行.
NOTIC: [8] Undefined variable: share_para /home/yixiugegygi4xtigudgge/wwwroot/Application/Runtime/Cache/Wap/84365976067c7ee7078aff0bc6738c10.php 第 107 行.
NOTIC: [8] Undefined variable: share_para /home/yixiugegygi4xtigudgge/wwwroot/Application/Runtime/Cache/Wap/84365976067c7ee7078aff0bc6738c10.php 第 115 行.
NOTIC: [8] Undefined variable: share_para /home/yixiugegygi4xtigudgge/wwwroot/Application/Runtime/Cache/Wap/84365976067c7ee7078aff0bc6738c10.php 第 116 行.
NOTIC: [8] Undefined index: layer /home/yixiugegygi4xtigudgge/wwwroot/Application/Runtime/Cache/Wap/84365976067c7ee7078aff0bc6738c10.php 第 228 行.
NOTIC: [8] Undefined index: layer /home/yixiugegygi4xtigudgge/wwwroot/Application/Runtime/Cache/Wap/84365976067c7ee7078aff0bc6738c10.php 第 267 行.
INFO: ParseTemplate Behavior ::run [ RunTime:0.178692s ]
INFO: [ view_parse ] --END-- [ RunTime:0.178801s ]
INFO: [ view_filter ] --START--
NOTIC: [8] Use of undefined constant APP_GROUP_PATH - assumed 'APP_GROUP_PATH' /home/yixiugegygi4xtigudgge/wwwroot/extend/ThinkPHP/Lib/Behavior/ContentReplaceBehavior.class.php 第 49 行.
INFO: ContentReplace Behavior ::run [ RunTime:0.000473s ]
INFO: TokenBuild Behavior ::run [ RunTime:0.000301s ]
INFO: WriteHtmlCache Behavior ::run [ RunTime:0.000198s ]
INFO: ShowRuntime Behavior ::run [ RunTime:0.000390s ]
INFO: [ view_filter ] --END-- [ RunTime:0.001503s ]
INFO: [ view_end ] --START--
INFO: ShowPageTrace Behavior ::run [ RunTime:0.000491s ]
INFO: [ view_end ] --END-- [ RunTime:0.000544s ]

[ 2017-04-13T11:41:21+08:00 ] 180.153.206.24 /wap/member/index.shtml
INFO: [ route_check ] --START--
INFO: CheckRoute Behavior ::run [ RunTime:0.000747s ]
INFO: [ route_check ] --END-- [ RunTime:0.000896s ]
NOTIC: [8] Constant __APP__ already defined /home/yixiugegygi4xtigudgge/wwwroot/extend/ThinkPHP/Lib/Core/Dispatcher.class.php 第 143 行.
INFO: [ app_begin ] --START--
INFO: ReadHtmlCache Behavior ::run [ RunTime:0.000425s ]
INFO: [ app_begin ] --END-- [ RunTime:0.000483s ]
SQL: SHOW COLUMNS FROM `db_sys_param` [ RunTime:0.001109s ]
SQL: SELECT `param_value` FROM `db_sys_param` WHERE ( `param_code` = 'web_title' ) LIMIT 1   [ RunTime:0.000091s ]
SQL: SELECT `param_value` FROM `db_sys_param` WHERE ( `param_code` = 'web_copyright' ) LIMIT 1   [ RunTime:0.000104s ]
NOTIC: [8] Undefined index: code /home/yixiugegygi4xtigudgge/wwwroot/Application/Modules/Wap/Action/BaseAction.class.php 第 673 行.

[ 2017-04-13T11:41:21+08:00 ] 180.153.214.176 /wap/member/index.shtml
INFO: [ route_check ] --START--
INFO: CheckRoute Behavior ::run [ RunTime:0.000795s ]
INFO: [ route_check ] --END-- [ RunTime:0.000949s ]
NOTIC: [8] Constant __APP__ already defined /home/yixiugegygi4xtigudgge/wwwroot/extend/ThinkPHP/Lib/Core/Dispatcher.class.php 第 143 行.
INFO: [ app_begin ] --START--
INFO: ReadHtmlCache Behavior ::run [ RunTime:0.000489s ]
INFO: [ app_begin ] --END-- [ RunTime:0.000553s ]
SQL: SHOW COLUMNS FROM `db_sys_param` [ RunTime:0.001131s ]
SQL: SELECT `param_value` FROM `db_sys_param` WHERE ( `param_code` = 'web_title' ) LIMIT 1   [ RunTime:0.000096s ]
SQL: SELECT `param_value` FROM `db_sys_param` WHERE ( `param_code` = 'web_copyright' ) LIMIT 1   [ RunTime:0.000114s ]
NOTIC: [8] Undefined index: code /home/yixiugegygi4xtigudgge/wwwroot/Application/Modules/Wap/Action/BaseAction.class.php 第 673 行.

[ 2017-04-13T11:41:21+08:00 ] 101.226.65.104 /wap/member/index.shtml
INFO: [ route_check ] --START--
INFO: CheckRoute Behavior ::run [ RunTime:0.000732s ]
INFO: [ route_check ] --END-- [ RunTime:0.000879s ]
NOTIC: [8] Constant __APP__ already defined /home/yixiugegygi4xtigudgge/wwwroot/extend/ThinkPHP/Lib/Core/Dispatcher.class.php 第 143 行.
INFO: [ app_begin ] --START--
INFO: ReadHtmlCache Behavior ::run [ RunTime:0.000416s ]
INFO: [ app_begin ] --END-- [ RunTime:0.000475s ]
SQL: SHOW COLUMNS FROM `db_sys_param` [ RunTime:0.001222s ]
SQL: SELECT `param_value` FROM `db_sys_param` WHERE ( `param_code` = 'web_title' ) LIMIT 1   [ RunTime:0.000124s ]
SQL: SELECT `param_value` FROM `db_sys_param` WHERE ( `param_code` = 'web_copyright' ) LIMIT 1   [ RunTime:0.000116s ]
NOTIC: [8] Undefined index: code /home/yixiugegygi4xtigudgge/wwwroot/Application/Modules/Wap/Action/BaseAction.class.php 第 673 行.

[ 2017-04-13T11:41:21+08:00 ] 101.226.33.227 /wap/login/binding_phone.shtml
INFO: [ route_check ] --START--
INFO: CheckRoute Behavior ::run [ RunTime:0.000735s ]
INFO: [ route_check ] --END-- [ RunTime:0.000909s ]
NOTIC: [8] Constant __APP__ already defined /home/yixiugegygi4xtigudgge/wwwroot/extend/ThinkPHP/Lib/Core/Dispatcher.class.php 第 143 行.
INFO: [ app_begin ] --START--
INFO: ReadHtmlCache Behavior ::run [ RunTime:0.000443s ]
INFO: [ app_begin ] --END-- [ RunTime:0.000517s ]
SQL: SHOW COLUMNS FROM `db_sys_param` [ RunTime:0.001201s ]
SQL: SELECT `param_value` FROM `db_sys_param` WHERE ( `param_code` = 'web_title' ) LIMIT 1   [ RunTime:0.000119s ]
SQL: SELECT `param_value` FROM `db_sys_param` WHERE ( `param_code` = 'web_copyright' ) LIMIT 1   [ RunTime:0.000145s ]
NOTIC: [8] Undefined index: code /home/yixiugegygi4xtigudgge/wwwroot/Application/Modules/Wap/Action/BaseAction.class.php 第 673 行.

[ 2017-04-13T11:41:21+08:00 ] 101.226.33.224 /wap/member/index.shtml
INFO: [ route_check ] --START--
INFO: CheckRoute Behavior ::run [ RunTime:0.001188s ]
INFO: [ route_check ] --END-- [ RunTime:0.001406s ]
NOTIC: [8] Constant __APP__ already defined /home/yixiugegygi4xtigudgge/wwwroot/extend/ThinkPHP/Lib/Core/Dispatcher.class.php 第 143 行.
INFO: [ app_begin ] --START--
INFO: ReadHtmlCache Behavior ::run [ RunTime:0.000734s ]
INFO: [ app_begin ] --END-- [ RunTime:0.000872s ]
SQL: SHOW COLUMNS FROM `db_sys_param` [ RunTime:0.000962s ]
SQL: SELECT `param_value` FROM `db_sys_param` WHERE ( `param_code` = 'web_title' ) LIMIT 1   [ RunTime:0.000092s ]
SQL: SELECT `param_value` FROM `db_sys_param` WHERE ( `param_code` = 'web_copyright' ) LIMIT 1   [ RunTime:0.000082s ]
NOTIC: [8] Undefined index: code /home/yixiugegygi4xtigudgge/wwwroot/Application/Modules/Wap/Action/BaseAction.class.php 第 673 行.

[ 2017-04-13T14:24:17+08:00 ] 180.153.206.23 /
NOTIC: [8] Constant __APP__ already defined /home/yixiugegygi4xtigudgge/wwwroot/extend/ThinkPHP/Lib/Core/Dispatcher.class.php 第 143 行.
INFO: [ app_begin ] --START--
INFO: ReadHtmlCache Behavior ::run [ RunTime:0.000482s ]
INFO: [ app_begin ] --END-- [ RunTime:0.000597s ]
SQL: SHOW COLUMNS FROM `db_sys_param` [ RunTime:0.027728s ]
SQL: SELECT `param_value` FROM `db_sys_param` WHERE ( `param_code` = 'web_title' ) LIMIT 1   [ RunTime:0.000542s ]
SQL: SELECT `param_value` FROM `db_sys_param` WHERE ( `param_code` = 'web_copyright' ) LIMIT 1   [ RunTime:0.000237s ]
SQL: SHOW COLUMNS FROM `db_member_rember_token` [ RunTime:0.001300s ]
SQL: SELECT * FROM `db_member_rember_token` WHERE ( `session_id` = '856ad1258cacb574ca98544446ee90c6' ) AND ( `add_time` > 1490855057 ) LIMIT 1   [ RunTime:0.000354s ]
NOTIC: [8] Undefined index: member /home/yixiugegygi4xtigudgge/wwwroot/Application/Modules/Wap/Action/BaseAction.class.php 第 27 行.
NOTIC: [8] Undefined index: member /home/yixiugegygi4xtigudgge/wwwroot/Application/Modules/Wap/Action/BaseAction.class.php 第 29 行.
NOTIC: [8] Undefined index: member /home/yixiugegygi4xtigudgge/wwwroot/Application/Modules/Wap/Action/BaseAction.class.php 第 30 行.
NOTIC: [8] Undefined index: member /home/yixiugegygi4xtigudgge/wwwroot/Application/Modules/Wap/Action/BaseAction.class.php 第 31 行.
NOTIC: [8] Undefined index: member /home/yixiugegygi4xtigudgge/wwwroot/Application/Modules/Wap/Action/BaseAction.class.php 第 32 行.
NOTIC: [8] Undefined index: tuijian_user /home/yixiugegygi4xtigudgge/wwwroot/Application/Modules/Wap/Action/BaseAction.class.php 第 48 行.
SQL: SHOW COLUMNS FROM `db_member` [ RunTime:0.001288s ]
SQL: SELECT `recommend_code` FROM `db_member` WHERE ( `id` = 0 ) LIMIT 1   [ RunTime:0.005583s ]
SQL: SELECT `member_name`,`member_logo` FROM `db_member` WHERE ( `member_card` = 'yixiuge' ) LIMIT 1   [ RunTime:0.000465s ]
NOTIC: [8] Undefined index: member_card /home/yixiugegygi4xtigudgge/wwwroot/Application/Modules/Wap/Action/BaseAction.class.php 第 970 行.
NOTIC: [8] Undefined index: member_logo /home/yixiugegygi4xtigudgge/wwwroot/Application/Modules/Wap/Action/BaseAction.class.php 第 971 行.
SQL: SELECT `member_vip_type` FROM `db_member` WHERE ( id= ) LIMIT 1   [ RunTime:0.000228s ]
ERR: 1064:You have an error in your SQL syntax; check the manual that corresponds to your MySQL server version for the right syntax to use near ') LIMIT 1' at line 1
 [ SQL语句 ] : SELECT `member_vip_type` FROM `db_member` WHERE ( id= ) LIMIT 1  
NOTIC: [8] Undefined index: member_name /home/yixiugegygi4xtigudgge/wwwroot/Application/Modules/Wap/Action/BaseAction.class.php 第 74 行.
NOTIC: [8] Undefined index: member_logo /home/yixiugegygi4xtigudgge/wwwroot/Application/Modules/Wap/Action/BaseAction.class.php 第 75 行.
NOTIC: [8] Undefined index:  /home/yixiugegygi4xtigudgge/wwwroot/Application/Modules/Wap/Action/BaseAction.class.php 第 77 行.
SQL: SHOW COLUMNS FROM `db_member_verification` [ RunTime:0.001631s ]
SQL: SELECT * FROM `db_member_verification` WHERE ( member_id= ) LIMIT 1   [ RunTime:0.000152s ]
ERR: 1064:You have an error in your SQL syntax; check the manual that corresponds to your MySQL server version for the right syntax to use near ') LIMIT 1' at line 1
 [ SQL语句 ] : SELECT * FROM `db_member_verification` WHERE ( member_id= ) LIMIT 1  

[ 2017-04-13T14:24:18+08:00 ] 180.153.206.23 /wap/login/binding_phone.shtml
INFO: [ route_check ] --START--
INFO: CheckRoute Behavior ::run [ RunTime:0.000741s ]
INFO: [ route_check ] --END-- [ RunTime:0.000930s ]
NOTIC: [8] Constant __APP__ already defined /home/yixiugegygi4xtigudgge/wwwroot/extend/ThinkPHP/Lib/Core/Dispatcher.class.php 第 143 行.
INFO: [ app_begin ] --START--
INFO: ReadHtmlCache Behavior ::run [ RunTime:0.000447s ]
INFO: [ app_begin ] --END-- [ RunTime:0.000504s ]
SQL: SHOW COLUMNS FROM `db_sys_param` [ RunTime:0.001269s ]
SQL: SELECT `param_value` FROM `db_sys_param` WHERE ( `param_code` = 'web_title' ) LIMIT 1   [ RunTime:0.000139s ]
SQL: SELECT `param_value` FROM `db_sys_param` WHERE ( `param_code` = 'web_copyright' ) LIMIT 1   [ RunTime:0.000112s ]
SQL: SHOW COLUMNS FROM `db_member_rember_token` [ RunTime:0.000915s ]
SQL: SELECT * FROM `db_member_rember_token` WHERE ( `session_id` = '856ad1258cacb574ca98544446ee90c6' ) AND ( `add_time` > 1490855058 ) LIMIT 1   [ RunTime:0.000577s ]
NOTIC: [8] Undefined index: member /home/yixiugegygi4xtigudgge/wwwroot/Application/Modules/Wap/Action/BaseAction.class.php 第 27 行.
NOTIC: [8] Undefined index: member /home/yixiugegygi4xtigudgge/wwwroot/Application/Modules/Wap/Action/BaseAction.class.php 第 29 行.
NOTIC: [8] Undefined index: member /home/yixiugegygi4xtigudgge/wwwroot/Application/Modules/Wap/Action/BaseAction.class.php 第 30 行.
NOTIC: [8] Undefined index: member /home/yixiugegygi4xtigudgge/wwwroot/Application/Modules/Wap/Action/BaseAction.class.php 第 31 行.
NOTIC: [8] Undefined index: member /home/yixiugegygi4xtigudgge/wwwroot/Application/Modules/Wap/Action/BaseAction.class.php 第 32 行.
NOTIC: [8] Undefined index: tuijian_user /home/yixiugegygi4xtigudgge/wwwroot/Application/Modules/Wap/Action/BaseAction.class.php 第 48 行.
SQL: SHOW COLUMNS FROM `db_member` [ RunTime:0.001487s ]
SQL: SELECT `recommend_code` FROM `db_member` WHERE ( `id` = 0 ) LIMIT 1   [ RunTime:0.000147s ]
SQL: SELECT `member_name`,`member_logo` FROM `db_member` WHERE ( `member_card` = 'yixiuge' ) LIMIT 1   [ RunTime:0.000094s ]
NOTIC: [8] Undefined index: member_card /home/yixiugegygi4xtigudgge/wwwroot/Application/Modules/Wap/Action/BaseAction.class.php 第 970 行.
NOTIC: [8] Undefined index: member_logo /home/yixiugegygi4xtigudgge/wwwroot/Application/Modules/Wap/Action/BaseAction.class.php 第 971 行.
SQL: SELECT `member_vip_type` FROM `db_member` WHERE ( id= ) LIMIT 1   [ RunTime:0.000318s ]
ERR: 1064:You have an error in your SQL syntax; check the manual that corresponds to your MySQL server version for the right syntax to use near ') LIMIT 1' at line 1
 [ SQL语句 ] : SELECT `member_vip_type` FROM `db_member` WHERE ( id= ) LIMIT 1  
NOTIC: [8] Undefined index: member_name /home/yixiugegygi4xtigudgge/wwwroot/Application/Modules/Wap/Action/BaseAction.class.php 第 74 行.
NOTIC: [8] Undefined index: member_logo /home/yixiugegygi4xtigudgge/wwwroot/Application/Modules/Wap/Action/BaseAction.class.php 第 75 行.
NOTIC: [8] Undefined index:  /home/yixiugegygi4xtigudgge/wwwroot/Application/Modules/Wap/Action/BaseAction.class.php 第 77 行.
SQL: SHOW COLUMNS FROM `db_member_verification` [ RunTime:0.001023s ]
SQL: SELECT * FROM `db_member_verification` WHERE ( member_id= ) LIMIT 1   [ RunTime:0.000121s ]
ERR: 1064:You have an error in your SQL syntax; check the manual that corresponds to your MySQL server version for the right syntax to use near ') LIMIT 1' at line 1
 [ SQL语句 ] : SELECT * FROM `db_member_verification` WHERE ( member_id= ) LIMIT 1  
SQL: SELECT COUNT(*) AS tp_count FROM `db_member_verification` WHERE ( member_id= ) LIMIT 1   [ RunTime:0.000125s ]
ERR: 1064:You have an error in your SQL syntax; check the manual that corresponds to your MySQL server version for the right syntax to use near ') LIMIT 1' at line 1
 [ SQL语句 ] : SELECT COUNT(*) AS tp_count FROM `db_member_verification` WHERE ( member_id= ) LIMIT 1  
INFO: [ view_parse ] --START--
INFO: ParseTemplate Behavior ::run [ RunTime:0.009120s ]
INFO: [ view_parse ] --END-- [ RunTime:0.009203s ]
INFO: [ view_filter ] --START--
NOTIC: [8] Use of undefined constant APP_GROUP_PATH - assumed 'APP_GROUP_PATH' /home/yixiugegygi4xtigudgge/wwwroot/extend/ThinkPHP/Lib/Behavior/ContentReplaceBehavior.class.php 第 49 行.
INFO: ContentReplace Behavior ::run [ RunTime:0.000445s ]
INFO: TokenBuild Behavior ::run [ RunTime:0.000293s ]
INFO: WriteHtmlCache Behavior ::run [ RunTime:0.000197s ]
INFO: ShowRuntime Behavior ::run [ RunTime:0.000431s ]
INFO: [ view_filter ] --END-- [ RunTime:0.001511s ]
INFO: [ view_end ] --START--
INFO: ShowPageTrace Behavior ::run [ RunTime:0.000484s ]
INFO: [ view_end ] --END-- [ RunTime:0.000544s ]

