[ 2017-05-09T20:42:42+08:00 ] 101.226.68.215 /
NOTIC: [8] Constant __APP__ already defined /home/yixiugegygi4xtigudgge/wwwroot/extend/ThinkPHP/Lib/Core/Dispatcher.class.php 第 143 行.
INFO: [ app_begin ] --START--
INFO: ReadHtmlCache Behavior ::run [ RunTime:0.001236s ]
INFO: [ app_begin ] --END-- [ RunTime:0.001424s ]
SQL: SHOW COLUMNS FROM `db_sys_param` [ RunTime:0.001902s ]
SQL: SELECT `param_value` FROM `db_sys_param` WHERE ( `param_code` = 'web_title' ) LIMIT 1   [ RunTime:0.000541s ]
SQL: SELECT `param_value` FROM `db_sys_param` WHERE ( `param_code` = 'web_copyright' ) LIMIT 1   [ RunTime:0.000294s ]
SQL: SHOW COLUMNS FROM `db_member_rember_token` [ RunTime:0.001144s ]
SQL: SELECT * FROM `db_member_rember_token` WHERE ( `session_id` = 'b69e9592f85ed33475098d283f4743b6' ) AND ( `add_time` > 1493124162 ) LIMIT 1   [ RunTime:0.000478s ]
NOTIC: [8] Undefined index: member /home/yixiugegygi4xtigudgge/wwwroot/Application/Modules/Wap/Action/BaseAction.class.php 第 27 行.
NOTIC: [8] Undefined index: member /home/yixiugegygi4xtigudgge/wwwroot/Application/Modules/Wap/Action/BaseAction.class.php 第 29 行.
NOTIC: [8] Undefined index: member /home/yixiugegygi4xtigudgge/wwwroot/Application/Modules/Wap/Action/BaseAction.class.php 第 30 行.
NOTIC: [8] Undefined index: member /home/yixiugegygi4xtigudgge/wwwroot/Application/Modules/Wap/Action/BaseAction.class.php 第 31 行.
NOTIC: [8] Undefined index: member /home/yixiugegygi4xtigudgge/wwwroot/Application/Modules/Wap/Action/BaseAction.class.php 第 32 行.
NOTIC: [8] Undefined index: tuijian_user /home/yixiugegygi4xtigudgge/wwwroot/Application/Modules/Wap/Action/BaseAction.class.php 第 48 行.
SQL: SHOW COLUMNS FROM `db_member` [ RunTime:0.001167s ]
SQL: SELECT `recommend_code` FROM `db_member` WHERE ( `id` = 0 ) LIMIT 1   [ RunTime:0.000525s ]
SQL: SELECT `member_name`,`member_logo` FROM `db_member` WHERE ( `member_card` = 'yixiuge' ) LIMIT 1   [ RunTime:0.001425s ]
NOTIC: [8] Undefined index: member_card /home/yixiugegygi4xtigudgge/wwwroot/Application/Modules/Wap/Action/BaseAction.class.php 第 970 行.
NOTIC: [8] Undefined index: member_logo /home/yixiugegygi4xtigudgge/wwwroot/Application/Modules/Wap/Action/BaseAction.class.php 第 971 行.
SQL: SELECT `member_vip_type` FROM `db_member` WHERE ( id= ) LIMIT 1   [ RunTime:0.000288s ]
ERR: 1064:You have an error in your SQL syntax; check the manual that corresponds to your MySQL server version for the right syntax to use near ') LIMIT 1' at line 1
 [ SQL语句 ] : SELECT `member_vip_type` FROM `db_member` WHERE ( id= ) LIMIT 1  
NOTIC: [8] Undefined index: member_name /home/yixiugegygi4xtigudgge/wwwroot/Application/Modules/Wap/Action/BaseAction.class.php 第 74 行.
NOTIC: [8] Undefined index: member_logo /home/yixiugegygi4xtigudgge/wwwroot/Application/Modules/Wap/Action/BaseAction.class.php 第 75 行.
NOTIC: [8] Undefined index:  /home/yixiugegygi4xtigudgge/wwwroot/Application/Modules/Wap/Action/BaseAction.class.php 第 77 行.
SQL: SHOW COLUMNS FROM `db_member_verification` [ RunTime:0.001258s ]
SQL: SELECT * FROM `db_member_verification` WHERE ( member_id= ) LIMIT 1   [ RunTime:0.000151s ]
ERR: 1064:You have an error in your SQL syntax; check the manual that corresponds to your MySQL server version for the right syntax to use near ') LIMIT 1' at line 1
 [ SQL语句 ] : SELECT * FROM `db_member_verification` WHERE ( member_id= ) LIMIT 1  

[ 2017-05-09T20:42:43+08:00 ] 101.226.68.215 /wap/login/binding_phone.shtml
INFO: [ route_check ] --START--
INFO: CheckRoute Behavior ::run [ RunTime:0.001387s ]
INFO: [ route_check ] --END-- [ RunTime:0.001552s ]
NOTIC: [8] Constant __APP__ already defined /home/yixiugegygi4xtigudgge/wwwroot/extend/ThinkPHP/Lib/Core/Dispatcher.class.php 第 143 行.
INFO: [ app_begin ] --START--
INFO: ReadHtmlCache Behavior ::run [ RunTime:0.000468s ]
INFO: [ app_begin ] --END-- [ RunTime:0.000527s ]
SQL: SHOW COLUMNS FROM `db_sys_param` [ RunTime:0.000752s ]
SQL: SELECT `param_value` FROM `db_sys_param` WHERE ( `param_code` = 'web_title' ) LIMIT 1   [ RunTime:0.000100s ]
SQL: SELECT `param_value` FROM `db_sys_param` WHERE ( `param_code` = 'web_copyright' ) LIMIT 1   [ RunTime:0.000086s ]
SQL: SHOW COLUMNS FROM `db_member_rember_token` [ RunTime:0.000465s ]
SQL: SELECT * FROM `db_member_rember_token` WHERE ( `session_id` = '9b6fef96d7290e3d1f755cbe2e44326a' ) AND ( `add_time` > 1493124163 ) LIMIT 1   [ RunTime:0.000456s ]
NOTIC: [8] Undefined index: member /home/yixiugegygi4xtigudgge/wwwroot/Application/Modules/Wap/Action/BaseAction.class.php 第 27 行.
NOTIC: [8] Undefined index: member /home/yixiugegygi4xtigudgge/wwwroot/Application/Modules/Wap/Action/BaseAction.class.php 第 29 行.
NOTIC: [8] Undefined index: member /home/yixiugegygi4xtigudgge/wwwroot/Application/Modules/Wap/Action/BaseAction.class.php 第 30 行.
NOTIC: [8] Undefined index: member /home/yixiugegygi4xtigudgge/wwwroot/Application/Modules/Wap/Action/BaseAction.class.php 第 31 行.
NOTIC: [8] Undefined index: member /home/yixiugegygi4xtigudgge/wwwroot/Application/Modules/Wap/Action/BaseAction.class.php 第 32 行.
NOTIC: [8] Undefined index: tuijian_user /home/yixiugegygi4xtigudgge/wwwroot/Application/Modules/Wap/Action/BaseAction.class.php 第 48 行.
SQL: SHOW COLUMNS FROM `db_member` [ RunTime:0.000730s ]
SQL: SELECT `recommend_code` FROM `db_member` WHERE ( `id` = 0 ) LIMIT 1   [ RunTime:0.000118s ]
SQL: SELECT `member_name`,`member_logo` FROM `db_member` WHERE ( `member_card` = 'yixiuge' ) LIMIT 1   [ RunTime:0.000088s ]
NOTIC: [8] Undefined index: member_card /home/yixiugegygi4xtigudgge/wwwroot/Application/Modules/Wap/Action/BaseAction.class.php 第 970 行.
NOTIC: [8] Undefined index: member_logo /home/yixiugegygi4xtigudgge/wwwroot/Application/Modules/Wap/Action/BaseAction.class.php 第 971 行.
SQL: SELECT `member_vip_type` FROM `db_member` WHERE ( id= ) LIMIT 1   [ RunTime:0.000230s ]
ERR: 1064:You have an error in your SQL syntax; check the manual that corresponds to your MySQL server version for the right syntax to use near ') LIMIT 1' at line 1
 [ SQL语句 ] : SELECT `member_vip_type` FROM `db_member` WHERE ( id= ) LIMIT 1  
NOTIC: [8] Undefined index: member_name /home/yixiugegygi4xtigudgge/wwwroot/Application/Modules/Wap/Action/BaseAction.class.php 第 74 行.
NOTIC: [8] Undefined index: member_logo /home/yixiugegygi4xtigudgge/wwwroot/Application/Modules/Wap/Action/BaseAction.class.php 第 75 行.
NOTIC: [8] Undefined index:  /home/yixiugegygi4xtigudgge/wwwroot/Application/Modules/Wap/Action/BaseAction.class.php 第 77 行.
SQL: SHOW COLUMNS FROM `db_member_verification` [ RunTime:0.000800s ]
SQL: SELECT * FROM `db_member_verification` WHERE ( member_id= ) LIMIT 1   [ RunTime:0.000147s ]
ERR: 1064:You have an error in your SQL syntax; check the manual that corresponds to your MySQL server version for the right syntax to use near ') LIMIT 1' at line 1
 [ SQL语句 ] : SELECT * FROM `db_member_verification` WHERE ( member_id= ) LIMIT 1  
SQL: SELECT COUNT(*) AS tp_count FROM `db_member_verification` WHERE ( member_id= ) LIMIT 1   [ RunTime:0.000129s ]
ERR: 1064:You have an error in your SQL syntax; check the manual that corresponds to your MySQL server version for the right syntax to use near ') LIMIT 1' at line 1
 [ SQL语句 ] : SELECT COUNT(*) AS tp_count FROM `db_member_verification` WHERE ( member_id= ) LIMIT 1  
INFO: [ view_parse ] --START--
INFO: ParseTemplate Behavior ::run [ RunTime:0.014654s ]
INFO: [ view_parse ] --END-- [ RunTime:0.014765s ]
INFO: [ view_filter ] --START--
NOTIC: [8] Use of undefined constant APP_GROUP_PATH - assumed 'APP_GROUP_PATH' /home/yixiugegygi4xtigudgge/wwwroot/extend/ThinkPHP/Lib/Behavior/ContentReplaceBehavior.class.php 第 49 行.
INFO: ContentReplace Behavior ::run [ RunTime:0.000820s ]
INFO: TokenBuild Behavior ::run [ RunTime:0.000874s ]
INFO: WriteHtmlCache Behavior ::run [ RunTime:0.000733s ]
INFO: ShowRuntime Behavior ::run [ RunTime:0.000910s ]
INFO: [ view_filter ] --END-- [ RunTime:0.003493s ]
INFO: [ view_end ] --START--
INFO: ShowPageTrace Behavior ::run [ RunTime:0.001157s ]
INFO: [ view_end ] --END-- [ RunTime:0.001233s ]

