[ 2017-03-05T10:15:13+08:00 ] 188.244.43.200 /admin
INFO: [ route_check ] --START--
INFO: CheckRoute Behavior ::run [ RunTime:0.002253s ]
INFO: [ route_check ] --END-- [ RunTime:0.002513s ]
NOTIC: [8] Constant __APP__ already defined /home/yixiugegygi4xtigudgge/wwwroot/extend/ThinkPHP/Lib/Core/Dispatcher.class.php 第 143 行.
INFO: [ app_begin ] --START--
INFO: ReadHtmlCache Behavior ::run [ RunTime:0.001320s ]
INFO: [ app_begin ] --END-- [ RunTime:0.001397s ]
SQL: SHOW COLUMNS FROM `db_sys_param` [ RunTime:0.002176s ]
SQL: SELECT `param_value` FROM `db_sys_param` WHERE ( `param_code` = 'web_title' ) LIMIT 1   [ RunTime:0.002433s ]
SQL: SELECT `param_value` FROM `db_sys_param` WHERE ( `param_code` = 'web_copyright' ) LIMIT 1   [ RunTime:0.000410s ]
NOTIC: [8] Undefined offset: 2 /home/yixiugegygi4xtigudgge/wwwroot/Application/Modules/Admin/Action/BaseAction.class.php 第 7 行.
NOTIC: [8] Undefined offset: 2 /home/yixiugegygi4xtigudgge/wwwroot/Application/Modules/Admin/Action/BaseAction.class.php 第 7 行.
NOTIC: [8] Undefined offset: 2 /home/yixiugegygi4xtigudgge/wwwroot/Application/Modules/Admin/Action/BaseAction.class.php 第 7 行.

[ 2017-03-05T10:15:13+08:00 ] 188.244.43.200 /Admin/Index/login.shtml
INFO: [ route_check ] --START--
INFO: CheckRoute Behavior ::run [ RunTime:0.001243s ]
INFO: [ route_check ] --END-- [ RunTime:0.001478s ]
NOTIC: [8] Constant __APP__ already defined /home/yixiugegygi4xtigudgge/wwwroot/extend/ThinkPHP/Lib/Core/Dispatcher.class.php 第 143 行.
INFO: [ app_begin ] --START--
INFO: ReadHtmlCache Behavior ::run [ RunTime:0.000732s ]
INFO: [ app_begin ] --END-- [ RunTime:0.000825s ]
SQL: SHOW COLUMNS FROM `db_sys_param` [ RunTime:0.000738s ]
SQL: SELECT `param_value` FROM `db_sys_param` WHERE ( `param_code` = 'web_title' ) LIMIT 1   [ RunTime:0.000094s ]
SQL: SELECT `param_value` FROM `db_sys_param` WHERE ( `param_code` = 'web_copyright' ) LIMIT 1   [ RunTime:0.000091s ]
SQL: SELECT g.auid,`group_id`,`title`,`rules` FROM db_admin_group_access a LEFT JOIN db_admin_group g on a.group_id=g.id WHERE ( a.auid='' and g.status='1' )  [ RunTime:0.003650s ]
SQL: SELECT `id`,`name`,`title`,`pid`,`icon`,`icon_style` FROM `db_admin_rule` WHERE ( `type` = 0 ) AND ( `status` = 1 ) AND ( `is_hide` = 0 ) AND ( `is_del` = 0 )  [ RunTime:0.002307s ]
INFO: [ view_parse ] --START--
INFO: ParseTemplate Behavior ::run [ RunTime:0.012059s ]
INFO: [ view_parse ] --END-- [ RunTime:0.012179s ]
INFO: [ view_filter ] --START--
NOTIC: [8] Use of undefined constant APP_GROUP_PATH - assumed 'APP_GROUP_PATH' /home/yixiugegygi4xtigudgge/wwwroot/extend/ThinkPHP/Lib/Behavior/ContentReplaceBehavior.class.php 第 49 行.
INFO: ContentReplace Behavior ::run [ RunTime:0.000733s ]
INFO: TokenBuild Behavior ::run [ RunTime:0.000665s ]
INFO: WriteHtmlCache Behavior ::run [ RunTime:0.000503s ]
INFO: ShowRuntime Behavior ::run [ RunTime:0.000715s ]
INFO: [ view_filter ] --END-- [ RunTime:0.002777s ]
INFO: [ view_end ] --START--
INFO: ShowPageTrace Behavior ::run [ RunTime:0.000857s ]
INFO: [ view_end ] --END-- [ RunTime:0.000909s ]

[ 2017-03-05T10:15:15+08:00 ] 188.244.43.200 /Public/admin/css/demo.min.css
INFO: [ route_check ] --START--
INFO: CheckRoute Behavior ::run [ RunTime:0.000751s ]
INFO: [ route_check ] --END-- [ RunTime:0.000904s ]
NOTIC: [8] Constant __APP__ already defined /home/yixiugegygi4xtigudgge/wwwroot/extend/ThinkPHP/Lib/Core/Dispatcher.class.php 第 143 行.
INFO: [ app_begin ] --START--
INFO: ReadHtmlCache Behavior ::run [ RunTime:0.000491s ]
INFO: [ app_begin ] --END-- [ RunTime:0.000597s ]
ERR: 无法加载模块:Public

