[ 2017-05-13T00:57:13+08:00 ] 183.57.53.196 /
NOTIC: [8] Constant __APP__ already defined /home/yixiugegygi4xtigudgge/wwwroot/extend/ThinkPHP/Lib/Core/Dispatcher.class.php 第 143 行.
INFO: [ app_begin ] --START--
INFO: ReadHtmlCache Behavior ::run [ RunTime:0.002163s ]
INFO: [ app_begin ] --END-- [ RunTime:0.002304s ]
SQL: SHOW COLUMNS FROM `db_sys_param` [ RunTime:0.001555s ]
SQL: SELECT `param_value` FROM `db_sys_param` WHERE ( `param_code` = 'web_title' ) LIMIT 1   [ RunTime:0.000513s ]
SQL: SELECT `param_value` FROM `db_sys_param` WHERE ( `param_code` = 'web_copyright' ) LIMIT 1   [ RunTime:0.000227s ]
SQL: SHOW COLUMNS FROM `db_member_rember_token` [ RunTime:0.001084s ]
SQL: SELECT * FROM `db_member_rember_token` WHERE ( `session_id` = '29b7bc5b22e715dc605150d74951843e' ) AND ( `add_time` > 1493398633 ) LIMIT 1   [ RunTime:0.000437s ]
NOTIC: [8] Undefined index: member /home/yixiugegygi4xtigudgge/wwwroot/Application/Modules/Wap/Action/BaseAction.class.php 第 27 行.
NOTIC: [8] Undefined index: member /home/yixiugegygi4xtigudgge/wwwroot/Application/Modules/Wap/Action/BaseAction.class.php 第 29 行.
NOTIC: [8] Undefined index: member /home/yixiugegygi4xtigudgge/wwwroot/Application/Modules/Wap/Action/BaseAction.class.php 第 30 行.
NOTIC: [8] Undefined index: member /home/yixiugegygi4xtigudgge/wwwroot/Application/Modules/Wap/Action/BaseAction.class.php 第 31 行.
NOTIC: [8] Undefined index: member /home/yixiugegygi4xtigudgge/wwwroot/Application/Modules/Wap/Action/BaseAction.class.php 第 32 行.
NOTIC: [8] Undefined index: tuijian_user /home/yixiugegygi4xtigudgge/wwwroot/Application/Modules/Wap/Action/BaseAction.class.php 第 48 行.
SQL: SHOW COLUMNS FROM `db_member` [ RunTime:0.001099s ]
SQL: SELECT `recommend_code` FROM `db_member` WHERE ( `id` = 0 ) LIMIT 1   [ RunTime:0.000370s ]
SQL: SELECT `member_name`,`member_logo` FROM `db_member` WHERE ( `member_card` = 'yixiuge' ) LIMIT 1   [ RunTime:0.001512s ]
NOTIC: [8] Undefined index: member_card /home/yixiugegygi4xtigudgge/wwwroot/Application/Modules/Wap/Action/BaseAction.class.php 第 970 行.
NOTIC: [8] Undefined index: member_logo /home/yixiugegygi4xtigudgge/wwwroot/Application/Modules/Wap/Action/BaseAction.class.php 第 971 行.
SQL: SELECT `member_vip_type` FROM `db_member` WHERE ( id= ) LIMIT 1   [ RunTime:0.000218s ]
ERR: 1064:You have an error in your SQL syntax; check the manual that corresponds to your MySQL server version for the right syntax to use near ') LIMIT 1' at line 1
 [ SQL语句 ] : SELECT `member_vip_type` FROM `db_member` WHERE ( id= ) LIMIT 1  
NOTIC: [8] Undefined index: member_name /home/yixiugegygi4xtigudgge/wwwroot/Application/Modules/Wap/Action/BaseAction.class.php 第 74 行.
NOTIC: [8] Undefined index: member_logo /home/yixiugegygi4xtigudgge/wwwroot/Application/Modules/Wap/Action/BaseAction.class.php 第 75 行.
NOTIC: [8] Undefined index:  /home/yixiugegygi4xtigudgge/wwwroot/Application/Modules/Wap/Action/BaseAction.class.php 第 77 行.
SQL: SHOW COLUMNS FROM `db_member_verification` [ RunTime:0.001003s ]
SQL: SELECT * FROM `db_member_verification` WHERE ( member_id= ) LIMIT 1   [ RunTime:0.000156s ]
ERR: 1064:You have an error in your SQL syntax; check the manual that corresponds to your MySQL server version for the right syntax to use near ') LIMIT 1' at line 1
 [ SQL语句 ] : SELECT * FROM `db_member_verification` WHERE ( member_id= ) LIMIT 1  

[ 2017-05-13T00:57:13+08:00 ] 183.57.53.196 /wap/login/binding_phone.shtml
INFO: [ route_check ] --START--
INFO: CheckRoute Behavior ::run [ RunTime:0.003541s ]
INFO: [ route_check ] --END-- [ RunTime:0.003773s ]
NOTIC: [8] Constant __APP__ already defined /home/yixiugegygi4xtigudgge/wwwroot/extend/ThinkPHP/Lib/Core/Dispatcher.class.php 第 143 行.
INFO: [ app_begin ] --START--
INFO: ReadHtmlCache Behavior ::run [ RunTime:0.000699s ]
INFO: [ app_begin ] --END-- [ RunTime:0.000768s ]
SQL: SHOW COLUMNS FROM `db_sys_param` [ RunTime:0.001089s ]
SQL: SELECT `param_value` FROM `db_sys_param` WHERE ( `param_code` = 'web_title' ) LIMIT 1   [ RunTime:0.000145s ]
SQL: SELECT `param_value` FROM `db_sys_param` WHERE ( `param_code` = 'web_copyright' ) LIMIT 1   [ RunTime:0.000131s ]
SQL: SHOW COLUMNS FROM `db_member_rember_token` [ RunTime:0.000478s ]
SQL: SELECT * FROM `db_member_rember_token` WHERE ( `session_id` = '314209ccbd17942ba1ba5bb1ac511f35' ) AND ( `add_time` > 1493398633 ) LIMIT 1   [ RunTime:0.000410s ]
NOTIC: [8] Undefined index: member /home/yixiugegygi4xtigudgge/wwwroot/Application/Modules/Wap/Action/BaseAction.class.php 第 27 行.
NOTIC: [8] Undefined index: member /home/yixiugegygi4xtigudgge/wwwroot/Application/Modules/Wap/Action/BaseAction.class.php 第 29 行.
NOTIC: [8] Undefined index: member /home/yixiugegygi4xtigudgge/wwwroot/Application/Modules/Wap/Action/BaseAction.class.php 第 30 行.
NOTIC: [8] Undefined index: member /home/yixiugegygi4xtigudgge/wwwroot/Application/Modules/Wap/Action/BaseAction.class.php 第 31 行.
NOTIC: [8] Undefined index: member /home/yixiugegygi4xtigudgge/wwwroot/Application/Modules/Wap/Action/BaseAction.class.php 第 32 行.
NOTIC: [8] Undefined index: tuijian_user /home/yixiugegygi4xtigudgge/wwwroot/Application/Modules/Wap/Action/BaseAction.class.php 第 48 行.
SQL: SHOW COLUMNS FROM `db_member` [ RunTime:0.000747s ]
SQL: SELECT `recommend_code` FROM `db_member` WHERE ( `id` = 0 ) LIMIT 1   [ RunTime:0.000100s ]
SQL: SELECT `member_name`,`member_logo` FROM `db_member` WHERE ( `member_card` = 'yixiuge' ) LIMIT 1   [ RunTime:0.000082s ]
NOTIC: [8] Undefined index: member_card /home/yixiugegygi4xtigudgge/wwwroot/Application/Modules/Wap/Action/BaseAction.class.php 第 970 行.
NOTIC: [8] Undefined index: member_logo /home/yixiugegygi4xtigudgge/wwwroot/Application/Modules/Wap/Action/BaseAction.class.php 第 971 行.
SQL: SELECT `member_vip_type` FROM `db_member` WHERE ( id= ) LIMIT 1   [ RunTime:0.000152s ]
ERR: 1064:You have an error in your SQL syntax; check the manual that corresponds to your MySQL server version for the right syntax to use near ') LIMIT 1' at line 1
 [ SQL语句 ] : SELECT `member_vip_type` FROM `db_member` WHERE ( id= ) LIMIT 1  
NOTIC: [8] Undefined index: member_name /home/yixiugegygi4xtigudgge/wwwroot/Application/Modules/Wap/Action/BaseAction.class.php 第 74 行.
NOTIC: [8] Undefined index: member_logo /home/yixiugegygi4xtigudgge/wwwroot/Application/Modules/Wap/Action/BaseAction.class.php 第 75 行.
NOTIC: [8] Undefined index:  /home/yixiugegygi4xtigudgge/wwwroot/Application/Modules/Wap/Action/BaseAction.class.php 第 77 行.
SQL: SHOW COLUMNS FROM `db_member_verification` [ RunTime:0.000538s ]
SQL: SELECT * FROM `db_member_verification` WHERE ( member_id= ) LIMIT 1   [ RunTime:0.000124s ]
ERR: 1064:You have an error in your SQL syntax; check the manual that corresponds to your MySQL server version for the right syntax to use near ') LIMIT 1' at line 1
 [ SQL语句 ] : SELECT * FROM `db_member_verification` WHERE ( member_id= ) LIMIT 1  
SQL: SELECT COUNT(*) AS tp_count FROM `db_member_verification` WHERE ( member_id= ) LIMIT 1   [ RunTime:0.000160s ]
ERR: 1064:You have an error in your SQL syntax; check the manual that corresponds to your MySQL server version for the right syntax to use near ') LIMIT 1' at line 1
 [ SQL语句 ] : SELECT COUNT(*) AS tp_count FROM `db_member_verification` WHERE ( member_id= ) LIMIT 1  
INFO: [ view_parse ] --START--
INFO: ParseTemplate Behavior ::run [ RunTime:0.019639s ]
INFO: [ view_parse ] --END-- [ RunTime:0.019739s ]
INFO: [ view_filter ] --START--
NOTIC: [8] Use of undefined constant APP_GROUP_PATH - assumed 'APP_GROUP_PATH' /home/yixiugegygi4xtigudgge/wwwroot/extend/ThinkPHP/Lib/Behavior/ContentReplaceBehavior.class.php 第 49 行.
INFO: ContentReplace Behavior ::run [ RunTime:0.001207s ]
INFO: TokenBuild Behavior ::run [ RunTime:0.000929s ]
INFO: WriteHtmlCache Behavior ::run [ RunTime:0.000860s ]
INFO: ShowRuntime Behavior ::run [ RunTime:0.001057s ]
INFO: [ view_filter ] --END-- [ RunTime:0.004281s ]
INFO: [ view_end ] --START--
INFO: ShowPageTrace Behavior ::run [ RunTime:0.001148s ]
INFO: [ view_end ] --END-- [ RunTime:0.001216s ]

