[ 2017-03-29T21:21:16+08:00 ] 101.226.51.228 /wap
INFO: [ route_check ] --START--
INFO: CheckRoute Behavior ::run [ RunTime:0.002853s ]
INFO: [ route_check ] --END-- [ RunTime:0.003077s ]
NOTIC: [8] Constant __APP__ already defined /home/yixiugegygi4xtigudgge/wwwroot/extend/ThinkPHP/Lib/Core/Dispatcher.class.php 第 143 行.
INFO: [ app_begin ] --START--
INFO: ReadHtmlCache Behavior ::run [ RunTime:0.001190s ]
INFO: [ app_begin ] --END-- [ RunTime:0.001255s ]
SQL: SHOW COLUMNS FROM `db_sys_param` [ RunTime:0.002258s ]
SQL: SELECT `param_value` FROM `db_sys_param` WHERE ( `param_code` = 'web_title' ) LIMIT 1   [ RunTime:0.006147s ]
SQL: SELECT `param_value` FROM `db_sys_param` WHERE ( `param_code` = 'web_copyright' ) LIMIT 1   [ RunTime:0.000340s ]
SQL: SHOW COLUMNS FROM `db_member_rember_token` [ RunTime:0.002266s ]
SQL: SELECT * FROM `db_member_rember_token` WHERE ( `session_id` = '77e285815961798058b206e7d6078ae7' ) AND ( `add_time` > 1489584076 ) LIMIT 1   [ RunTime:0.002228s ]
NOTIC: [8] Undefined index: member /home/yixiugegygi4xtigudgge/wwwroot/Application/Modules/Wap/Action/BaseAction.class.php 第 27 行.
NOTIC: [8] Undefined index: member /home/yixiugegygi4xtigudgge/wwwroot/Application/Modules/Wap/Action/BaseAction.class.php 第 29 行.
NOTIC: [8] Undefined index: member /home/yixiugegygi4xtigudgge/wwwroot/Application/Modules/Wap/Action/BaseAction.class.php 第 30 行.
NOTIC: [8] Undefined index: member /home/yixiugegygi4xtigudgge/wwwroot/Application/Modules/Wap/Action/BaseAction.class.php 第 31 行.
NOTIC: [8] Undefined index: member /home/yixiugegygi4xtigudgge/wwwroot/Application/Modules/Wap/Action/BaseAction.class.php 第 32 行.
NOTIC: [8] Undefined index: tuijian_user /home/yixiugegygi4xtigudgge/wwwroot/Application/Modules/Wap/Action/BaseAction.class.php 第 48 行.
SQL: SHOW COLUMNS FROM `db_member` [ RunTime:0.001408s ]
SQL: SELECT `recommend_code` FROM `db_member` WHERE ( `id` = 0 ) LIMIT 1   [ RunTime:0.002579s ]
SQL: SELECT `member_name`,`member_logo` FROM `db_member` WHERE ( `member_card` = 'yixiuge' ) LIMIT 1   [ RunTime:0.000476s ]
NOTIC: [8] Undefined index: member_card /home/yixiugegygi4xtigudgge/wwwroot/Application/Modules/Wap/Action/BaseAction.class.php 第 970 行.
NOTIC: [8] Undefined index: member_logo /home/yixiugegygi4xtigudgge/wwwroot/Application/Modules/Wap/Action/BaseAction.class.php 第 971 行.
SQL: SELECT `member_vip_type` FROM `db_member` WHERE ( id= ) LIMIT 1   [ RunTime:0.000281s ]
ERR: 1064:You have an error in your SQL syntax; check the manual that corresponds to your MySQL server version for the right syntax to use near ') LIMIT 1' at line 1
 [ SQL语句 ] : SELECT `member_vip_type` FROM `db_member` WHERE ( id= ) LIMIT 1  
NOTIC: [8] Undefined index: member_name /home/yixiugegygi4xtigudgge/wwwroot/Application/Modules/Wap/Action/BaseAction.class.php 第 74 行.
NOTIC: [8] Undefined index: member_logo /home/yixiugegygi4xtigudgge/wwwroot/Application/Modules/Wap/Action/BaseAction.class.php 第 75 行.
NOTIC: [8] Undefined index:  /home/yixiugegygi4xtigudgge/wwwroot/Application/Modules/Wap/Action/BaseAction.class.php 第 77 行.
SQL: SHOW COLUMNS FROM `db_member_verification` [ RunTime:0.001132s ]
SQL: SELECT * FROM `db_member_verification` WHERE ( member_id= ) LIMIT 1   [ RunTime:0.000119s ]
ERR: 1064:You have an error in your SQL syntax; check the manual that corresponds to your MySQL server version for the right syntax to use near ') LIMIT 1' at line 1
 [ SQL语句 ] : SELECT * FROM `db_member_verification` WHERE ( member_id= ) LIMIT 1  

[ 2017-03-29T21:21:16+08:00 ] 101.226.51.228 /wap/login/binding_phone.shtml
INFO: [ route_check ] --START--
INFO: CheckRoute Behavior ::run [ RunTime:0.000720s ]
INFO: [ route_check ] --END-- [ RunTime:0.000855s ]
NOTIC: [8] Constant __APP__ already defined /home/yixiugegygi4xtigudgge/wwwroot/extend/ThinkPHP/Lib/Core/Dispatcher.class.php 第 143 行.
INFO: [ app_begin ] --START--
INFO: ReadHtmlCache Behavior ::run [ RunTime:0.000439s ]
INFO: [ app_begin ] --END-- [ RunTime:0.000498s ]
SQL: SHOW COLUMNS FROM `db_sys_param` [ RunTime:0.000990s ]
SQL: SELECT `param_value` FROM `db_sys_param` WHERE ( `param_code` = 'web_title' ) LIMIT 1   [ RunTime:0.000178s ]
SQL: SELECT `param_value` FROM `db_sys_param` WHERE ( `param_code` = 'web_copyright' ) LIMIT 1   [ RunTime:0.000129s ]
SQL: SHOW COLUMNS FROM `db_member_rember_token` [ RunTime:0.000700s ]
SQL: SELECT * FROM `db_member_rember_token` WHERE ( `session_id` = '77e285815961798058b206e7d6078ae7' ) AND ( `add_time` > 1489584076 ) LIMIT 1   [ RunTime:0.000117s ]
NOTIC: [8] Undefined index: member /home/yixiugegygi4xtigudgge/wwwroot/Application/Modules/Wap/Action/BaseAction.class.php 第 27 行.
NOTIC: [8] Undefined index: member /home/yixiugegygi4xtigudgge/wwwroot/Application/Modules/Wap/Action/BaseAction.class.php 第 29 行.
NOTIC: [8] Undefined index: member /home/yixiugegygi4xtigudgge/wwwroot/Application/Modules/Wap/Action/BaseAction.class.php 第 30 行.
NOTIC: [8] Undefined index: member /home/yixiugegygi4xtigudgge/wwwroot/Application/Modules/Wap/Action/BaseAction.class.php 第 31 行.
NOTIC: [8] Undefined index: member /home/yixiugegygi4xtigudgge/wwwroot/Application/Modules/Wap/Action/BaseAction.class.php 第 32 行.
NOTIC: [8] Undefined index: tuijian_user /home/yixiugegygi4xtigudgge/wwwroot/Application/Modules/Wap/Action/BaseAction.class.php 第 48 行.
SQL: SHOW COLUMNS FROM `db_member` [ RunTime:0.000851s ]
SQL: SELECT `recommend_code` FROM `db_member` WHERE ( `id` = 0 ) LIMIT 1   [ RunTime:0.000126s ]
SQL: SELECT `member_name`,`member_logo` FROM `db_member` WHERE ( `member_card` = 'yixiuge' ) LIMIT 1   [ RunTime:0.000123s ]
NOTIC: [8] Undefined index: member_card /home/yixiugegygi4xtigudgge/wwwroot/Application/Modules/Wap/Action/BaseAction.class.php 第 970 行.
NOTIC: [8] Undefined index: member_logo /home/yixiugegygi4xtigudgge/wwwroot/Application/Modules/Wap/Action/BaseAction.class.php 第 971 行.
SQL: SELECT `member_vip_type` FROM `db_member` WHERE ( id= ) LIMIT 1   [ RunTime:0.000255s ]
ERR: 1064:You have an error in your SQL syntax; check the manual that corresponds to your MySQL server version for the right syntax to use near ') LIMIT 1' at line 1
 [ SQL语句 ] : SELECT `member_vip_type` FROM `db_member` WHERE ( id= ) LIMIT 1  
NOTIC: [8] Undefined index: member_name /home/yixiugegygi4xtigudgge/wwwroot/Application/Modules/Wap/Action/BaseAction.class.php 第 74 行.
NOTIC: [8] Undefined index: member_logo /home/yixiugegygi4xtigudgge/wwwroot/Application/Modules/Wap/Action/BaseAction.class.php 第 75 行.
NOTIC: [8] Undefined index:  /home/yixiugegygi4xtigudgge/wwwroot/Application/Modules/Wap/Action/BaseAction.class.php 第 77 行.
SQL: SHOW COLUMNS FROM `db_member_verification` [ RunTime:0.000739s ]
SQL: SELECT * FROM `db_member_verification` WHERE ( member_id= ) LIMIT 1   [ RunTime:0.000168s ]
ERR: 1064:You have an error in your SQL syntax; check the manual that corresponds to your MySQL server version for the right syntax to use near ') LIMIT 1' at line 1
 [ SQL语句 ] : SELECT * FROM `db_member_verification` WHERE ( member_id= ) LIMIT 1  
SQL: SELECT COUNT(*) AS tp_count FROM `db_member_verification` WHERE ( member_id= ) LIMIT 1   [ RunTime:0.000119s ]
ERR: 1064:You have an error in your SQL syntax; check the manual that corresponds to your MySQL server version for the right syntax to use near ') LIMIT 1' at line 1
 [ SQL语句 ] : SELECT COUNT(*) AS tp_count FROM `db_member_verification` WHERE ( member_id= ) LIMIT 1  
INFO: [ view_parse ] --START--
INFO: ParseTemplate Behavior ::run [ RunTime:0.014395s ]
INFO: [ view_parse ] --END-- [ RunTime:0.014472s ]
INFO: [ view_filter ] --START--
NOTIC: [8] Use of undefined constant APP_GROUP_PATH - assumed 'APP_GROUP_PATH' /home/yixiugegygi4xtigudgge/wwwroot/extend/ThinkPHP/Lib/Behavior/ContentReplaceBehavior.class.php 第 49 行.
INFO: ContentReplace Behavior ::run [ RunTime:0.000958s ]
INFO: TokenBuild Behavior ::run [ RunTime:0.000823s ]
INFO: WriteHtmlCache Behavior ::run [ RunTime:0.000462s ]
INFO: ShowRuntime Behavior ::run [ RunTime:0.001347s ]
INFO: [ view_filter ] --END-- [ RunTime:0.003769s ]
INFO: [ view_end ] --START--
INFO: ShowPageTrace Behavior ::run [ RunTime:0.000953s ]
INFO: [ view_end ] --END-- [ RunTime:0.001024s ]

[ 2017-03-29T21:21:17+08:00 ] 117.176.255.181 /wap
INFO: [ route_check ] --START--
INFO: CheckRoute Behavior ::run [ RunTime:0.000816s ]
INFO: [ route_check ] --END-- [ RunTime:0.000980s ]
NOTIC: [8] Constant __APP__ already defined /home/yixiugegygi4xtigudgge/wwwroot/extend/ThinkPHP/Lib/Core/Dispatcher.class.php 第 143 行.
INFO: [ app_begin ] --START--
INFO: ReadHtmlCache Behavior ::run [ RunTime:0.000462s ]
INFO: [ app_begin ] --END-- [ RunTime:0.000519s ]
SQL: SHOW COLUMNS FROM `db_sys_param` [ RunTime:0.000902s ]
SQL: SELECT `param_value` FROM `db_sys_param` WHERE ( `param_code` = 'web_title' ) LIMIT 1   [ RunTime:0.000087s ]
SQL: SELECT `param_value` FROM `db_sys_param` WHERE ( `param_code` = 'web_copyright' ) LIMIT 1   [ RunTime:0.000114s ]
SQL: SHOW COLUMNS FROM `db_member_rember_token` [ RunTime:0.000526s ]
SQL: SELECT * FROM `db_member_rember_token` WHERE ( `session_id` = '40ba3fd60e9c46abe032b67bb140898a' ) AND ( `add_time` > 1489584077 ) LIMIT 1   [ RunTime:0.000343s ]
NOTIC: [8] Undefined index: member /home/yixiugegygi4xtigudgge/wwwroot/Application/Modules/Wap/Action/BaseAction.class.php 第 27 行.
NOTIC: [8] Undefined index: member /home/yixiugegygi4xtigudgge/wwwroot/Application/Modules/Wap/Action/BaseAction.class.php 第 29 行.
NOTIC: [8] Undefined index: member /home/yixiugegygi4xtigudgge/wwwroot/Application/Modules/Wap/Action/BaseAction.class.php 第 30 行.
NOTIC: [8] Undefined index: member /home/yixiugegygi4xtigudgge/wwwroot/Application/Modules/Wap/Action/BaseAction.class.php 第 31 行.
NOTIC: [8] Undefined index: member /home/yixiugegygi4xtigudgge/wwwroot/Application/Modules/Wap/Action/BaseAction.class.php 第 32 行.
NOTIC: [8] Undefined index: tuijian_user /home/yixiugegygi4xtigudgge/wwwroot/Application/Modules/Wap/Action/BaseAction.class.php 第 48 行.
SQL: SHOW COLUMNS FROM `db_member` [ RunTime:0.000827s ]
SQL: SELECT `recommend_code` FROM `db_member` WHERE ( `id` = 0 ) LIMIT 1   [ RunTime:0.000105s ]
SQL: SELECT `member_name`,`member_logo` FROM `db_member` WHERE ( `member_card` = 'yixiuge' ) LIMIT 1   [ RunTime:0.000077s ]
NOTIC: [8] Undefined index: member_card /home/yixiugegygi4xtigudgge/wwwroot/Application/Modules/Wap/Action/BaseAction.class.php 第 970 行.
NOTIC: [8] Undefined index: member_logo /home/yixiugegygi4xtigudgge/wwwroot/Application/Modules/Wap/Action/BaseAction.class.php 第 971 行.
SQL: SELECT `member_vip_type` FROM `db_member` WHERE ( id= ) LIMIT 1   [ RunTime:0.000152s ]
ERR: 1064:You have an error in your SQL syntax; check the manual that corresponds to your MySQL server version for the right syntax to use near ') LIMIT 1' at line 1
 [ SQL语句 ] : SELECT `member_vip_type` FROM `db_member` WHERE ( id= ) LIMIT 1  
NOTIC: [8] Undefined index: member_name /home/yixiugegygi4xtigudgge/wwwroot/Application/Modules/Wap/Action/BaseAction.class.php 第 74 行.
NOTIC: [8] Undefined index: member_logo /home/yixiugegygi4xtigudgge/wwwroot/Application/Modules/Wap/Action/BaseAction.class.php 第 75 行.
NOTIC: [8] Undefined index:  /home/yixiugegygi4xtigudgge/wwwroot/Application/Modules/Wap/Action/BaseAction.class.php 第 77 行.
SQL: SHOW COLUMNS FROM `db_member_verification` [ RunTime:0.000610s ]
SQL: SELECT * FROM `db_member_verification` WHERE ( member_id= ) LIMIT 1   [ RunTime:0.000125s ]
ERR: 1064:You have an error in your SQL syntax; check the manual that corresponds to your MySQL server version for the right syntax to use near ') LIMIT 1' at line 1
 [ SQL语句 ] : SELECT * FROM `db_member_verification` WHERE ( member_id= ) LIMIT 1  

[ 2017-03-29T21:21:17+08:00 ] 117.176.255.181 /wap/login/binding_phone.shtml
INFO: [ route_check ] --START--
INFO: CheckRoute Behavior ::run [ RunTime:0.000732s ]
INFO: [ route_check ] --END-- [ RunTime:0.000960s ]
NOTIC: [8] Constant __APP__ already defined /home/yixiugegygi4xtigudgge/wwwroot/extend/ThinkPHP/Lib/Core/Dispatcher.class.php 第 143 行.
INFO: [ app_begin ] --START--
INFO: ReadHtmlCache Behavior ::run [ RunTime:0.000439s ]
INFO: [ app_begin ] --END-- [ RunTime:0.000498s ]
SQL: SHOW COLUMNS FROM `db_sys_param` [ RunTime:0.000774s ]
SQL: SELECT `param_value` FROM `db_sys_param` WHERE ( `param_code` = 'web_title' ) LIMIT 1   [ RunTime:0.000094s ]
SQL: SELECT `param_value` FROM `db_sys_param` WHERE ( `param_code` = 'web_copyright' ) LIMIT 1   [ RunTime:0.000100s ]
SQL: SHOW COLUMNS FROM `db_member_rember_token` [ RunTime:0.000438s ]
SQL: SELECT * FROM `db_member_rember_token` WHERE ( `session_id` = '40ba3fd60e9c46abe032b67bb140898a' ) AND ( `add_time` > 1489584077 ) LIMIT 1   [ RunTime:0.000105s ]
NOTIC: [8] Undefined index: member /home/yixiugegygi4xtigudgge/wwwroot/Application/Modules/Wap/Action/BaseAction.class.php 第 27 行.
NOTIC: [8] Undefined index: member /home/yixiugegygi4xtigudgge/wwwroot/Application/Modules/Wap/Action/BaseAction.class.php 第 29 行.
NOTIC: [8] Undefined index: member /home/yixiugegygi4xtigudgge/wwwroot/Application/Modules/Wap/Action/BaseAction.class.php 第 30 行.
NOTIC: [8] Undefined index: member /home/yixiugegygi4xtigudgge/wwwroot/Application/Modules/Wap/Action/BaseAction.class.php 第 31 行.
NOTIC: [8] Undefined index: member /home/yixiugegygi4xtigudgge/wwwroot/Application/Modules/Wap/Action/BaseAction.class.php 第 32 行.
NOTIC: [8] Undefined index: tuijian_user /home/yixiugegygi4xtigudgge/wwwroot/Application/Modules/Wap/Action/BaseAction.class.php 第 48 行.
SQL: SHOW COLUMNS FROM `db_member` [ RunTime:0.000855s ]
SQL: SELECT `recommend_code` FROM `db_member` WHERE ( `id` = 0 ) LIMIT 1   [ RunTime:0.000100s ]
SQL: SELECT `member_name`,`member_logo` FROM `db_member` WHERE ( `member_card` = 'yixiuge' ) LIMIT 1   [ RunTime:0.000095s ]
NOTIC: [8] Undefined index: member_card /home/yixiugegygi4xtigudgge/wwwroot/Application/Modules/Wap/Action/BaseAction.class.php 第 970 行.
NOTIC: [8] Undefined index: member_logo /home/yixiugegygi4xtigudgge/wwwroot/Application/Modules/Wap/Action/BaseAction.class.php 第 971 行.
SQL: SELECT `member_vip_type` FROM `db_member` WHERE ( id= ) LIMIT 1   [ RunTime:0.000145s ]
ERR: 1064:You have an error in your SQL syntax; check the manual that corresponds to your MySQL server version for the right syntax to use near ') LIMIT 1' at line 1
 [ SQL语句 ] : SELECT `member_vip_type` FROM `db_member` WHERE ( id= ) LIMIT 1  
NOTIC: [8] Undefined index: member_name /home/yixiugegygi4xtigudgge/wwwroot/Application/Modules/Wap/Action/BaseAction.class.php 第 74 行.
NOTIC: [8] Undefined index: member_logo /home/yixiugegygi4xtigudgge/wwwroot/Application/Modules/Wap/Action/BaseAction.class.php 第 75 行.
NOTIC: [8] Undefined index:  /home/yixiugegygi4xtigudgge/wwwroot/Application/Modules/Wap/Action/BaseAction.class.php 第 77 行.
SQL: SHOW COLUMNS FROM `db_member_verification` [ RunTime:0.000575s ]
SQL: SELECT * FROM `db_member_verification` WHERE ( member_id= ) LIMIT 1   [ RunTime:0.000108s ]
ERR: 1064:You have an error in your SQL syntax; check the manual that corresponds to your MySQL server version for the right syntax to use near ') LIMIT 1' at line 1
 [ SQL语句 ] : SELECT * FROM `db_member_verification` WHERE ( member_id= ) LIMIT 1  
SQL: SELECT COUNT(*) AS tp_count FROM `db_member_verification` WHERE ( member_id= ) LIMIT 1   [ RunTime:0.000117s ]
ERR: 1064:You have an error in your SQL syntax; check the manual that corresponds to your MySQL server version for the right syntax to use near ') LIMIT 1' at line 1
 [ SQL语句 ] : SELECT COUNT(*) AS tp_count FROM `db_member_verification` WHERE ( member_id= ) LIMIT 1  
INFO: [ view_parse ] --START--
INFO: ParseTemplate Behavior ::run [ RunTime:0.008387s ]
INFO: [ view_parse ] --END-- [ RunTime:0.008452s ]
INFO: [ view_filter ] --START--
NOTIC: [8] Use of undefined constant APP_GROUP_PATH - assumed 'APP_GROUP_PATH' /home/yixiugegygi4xtigudgge/wwwroot/extend/ThinkPHP/Lib/Behavior/ContentReplaceBehavior.class.php 第 49 行.
INFO: ContentReplace Behavior ::run [ RunTime:0.000407s ]
INFO: TokenBuild Behavior ::run [ RunTime:0.000287s ]
INFO: WriteHtmlCache Behavior ::run [ RunTime:0.000187s ]
INFO: ShowRuntime Behavior ::run [ RunTime:0.000402s ]
INFO: [ view_filter ] --END-- [ RunTime:0.001430s ]
INFO: [ view_end ] --START--
INFO: ShowPageTrace Behavior ::run [ RunTime:0.000473s ]
INFO: [ view_end ] --END-- [ RunTime:0.000532s ]

[ 2017-03-29T21:21:21+08:00 ] 117.176.255.181 /wap/member/index.shtml
INFO: [ route_check ] --START--
INFO: CheckRoute Behavior ::run [ RunTime:0.000849s ]
INFO: [ route_check ] --END-- [ RunTime:0.001043s ]
NOTIC: [8] Constant __APP__ already defined /home/yixiugegygi4xtigudgge/wwwroot/extend/ThinkPHP/Lib/Core/Dispatcher.class.php 第 143 行.
INFO: [ app_begin ] --START--
INFO: ReadHtmlCache Behavior ::run [ RunTime:0.000697s ]
INFO: [ app_begin ] --END-- [ RunTime:0.000790s ]
SQL: SHOW COLUMNS FROM `db_sys_param` [ RunTime:0.000780s ]
SQL: SELECT `param_value` FROM `db_sys_param` WHERE ( `param_code` = 'web_title' ) LIMIT 1   [ RunTime:0.000090s ]
SQL: SELECT `param_value` FROM `db_sys_param` WHERE ( `param_code` = 'web_copyright' ) LIMIT 1   [ RunTime:0.000083s ]
SQL: SHOW COLUMNS FROM `db_member_rember_token` [ RunTime:0.000463s ]
SQL: SELECT * FROM `db_member_rember_token` WHERE ( `session_id` = '40ba3fd60e9c46abe032b67bb140898a' ) AND ( `add_time` > 1489584081 ) LIMIT 1   [ RunTime:0.000435s ]
NOTIC: [8] Undefined index: member /home/yixiugegygi4xtigudgge/wwwroot/Application/Modules/Wap/Action/BaseAction.class.php 第 27 行.
NOTIC: [8] Undefined index: member /home/yixiugegygi4xtigudgge/wwwroot/Application/Modules/Wap/Action/BaseAction.class.php 第 29 行.
NOTIC: [8] Undefined index: member /home/yixiugegygi4xtigudgge/wwwroot/Application/Modules/Wap/Action/BaseAction.class.php 第 30 行.
NOTIC: [8] Undefined index: member /home/yixiugegygi4xtigudgge/wwwroot/Application/Modules/Wap/Action/BaseAction.class.php 第 31 行.
NOTIC: [8] Undefined index: member /home/yixiugegygi4xtigudgge/wwwroot/Application/Modules/Wap/Action/BaseAction.class.php 第 32 行.
NOTIC: [8] Undefined index: tuijian_user /home/yixiugegygi4xtigudgge/wwwroot/Application/Modules/Wap/Action/BaseAction.class.php 第 48 行.
SQL: SHOW COLUMNS FROM `db_member` [ RunTime:0.000733s ]
SQL: SELECT `recommend_code` FROM `db_member` WHERE ( `id` = 0 ) LIMIT 1   [ RunTime:0.000091s ]
SQL: SELECT `member_name`,`member_logo` FROM `db_member` WHERE ( `member_card` = 'yixiuge' ) LIMIT 1   [ RunTime:0.000084s ]
NOTIC: [8] Undefined index: member_card /home/yixiugegygi4xtigudgge/wwwroot/Application/Modules/Wap/Action/BaseAction.class.php 第 970 行.
NOTIC: [8] Undefined index: member_logo /home/yixiugegygi4xtigudgge/wwwroot/Application/Modules/Wap/Action/BaseAction.class.php 第 971 行.
SQL: SELECT `member_vip_type` FROM `db_member` WHERE ( id= ) LIMIT 1   [ RunTime:0.000291s ]
ERR: 1064:You have an error in your SQL syntax; check the manual that corresponds to your MySQL server version for the right syntax to use near ') LIMIT 1' at line 1
 [ SQL语句 ] : SELECT `member_vip_type` FROM `db_member` WHERE ( id= ) LIMIT 1  
NOTIC: [8] Undefined index: member_name /home/yixiugegygi4xtigudgge/wwwroot/Application/Modules/Wap/Action/BaseAction.class.php 第 74 行.
NOTIC: [8] Undefined index: member_logo /home/yixiugegygi4xtigudgge/wwwroot/Application/Modules/Wap/Action/BaseAction.class.php 第 75 行.
NOTIC: [8] Undefined index:  /home/yixiugegygi4xtigudgge/wwwroot/Application/Modules/Wap/Action/BaseAction.class.php 第 77 行.
SQL: SHOW COLUMNS FROM `db_member_verification` [ RunTime:0.000749s ]
SQL: SELECT * FROM `db_member_verification` WHERE ( member_id= ) LIMIT 1   [ RunTime:0.000114s ]
ERR: 1064:You have an error in your SQL syntax; check the manual that corresponds to your MySQL server version for the right syntax to use near ') LIMIT 1' at line 1
 [ SQL语句 ] : SELECT * FROM `db_member_verification` WHERE ( member_id= ) LIMIT 1  

[ 2017-03-29T21:21:21+08:00 ] 117.176.255.181 /wap/login/index.shtml
INFO: [ route_check ] --START--
INFO: CheckRoute Behavior ::run [ RunTime:0.000748s ]
INFO: [ route_check ] --END-- [ RunTime:0.000905s ]
NOTIC: [8] Constant __APP__ already defined /home/yixiugegygi4xtigudgge/wwwroot/extend/ThinkPHP/Lib/Core/Dispatcher.class.php 第 143 行.
INFO: [ app_begin ] --START--
INFO: ReadHtmlCache Behavior ::run [ RunTime:0.000448s ]
INFO: [ app_begin ] --END-- [ RunTime:0.000505s ]
SQL: SHOW COLUMNS FROM `db_sys_param` [ RunTime:0.000751s ]
SQL: SELECT `param_value` FROM `db_sys_param` WHERE ( `param_code` = 'web_title' ) LIMIT 1   [ RunTime:0.000091s ]
SQL: SELECT `param_value` FROM `db_sys_param` WHERE ( `param_code` = 'web_copyright' ) LIMIT 1   [ RunTime:0.000104s ]
SQL: SHOW COLUMNS FROM `db_member_rember_token` [ RunTime:0.000485s ]
SQL: SELECT * FROM `db_member_rember_token` WHERE ( `session_id` = '40ba3fd60e9c46abe032b67bb140898a' ) AND ( `add_time` > 1489584081 ) LIMIT 1   [ RunTime:0.000095s ]
NOTIC: [8] Undefined index: member /home/yixiugegygi4xtigudgge/wwwroot/Application/Modules/Wap/Action/BaseAction.class.php 第 27 行.
NOTIC: [8] Undefined index: member /home/yixiugegygi4xtigudgge/wwwroot/Application/Modules/Wap/Action/BaseAction.class.php 第 29 行.
NOTIC: [8] Undefined index: member /home/yixiugegygi4xtigudgge/wwwroot/Application/Modules/Wap/Action/BaseAction.class.php 第 30 行.
NOTIC: [8] Undefined index: member /home/yixiugegygi4xtigudgge/wwwroot/Application/Modules/Wap/Action/BaseAction.class.php 第 31 行.
NOTIC: [8] Undefined index: member /home/yixiugegygi4xtigudgge/wwwroot/Application/Modules/Wap/Action/BaseAction.class.php 第 32 行.
NOTIC: [8] Undefined index: tuijian_user /home/yixiugegygi4xtigudgge/wwwroot/Application/Modules/Wap/Action/BaseAction.class.php 第 48 行.
SQL: SHOW COLUMNS FROM `db_member` [ RunTime:0.000871s ]
SQL: SELECT `recommend_code` FROM `db_member` WHERE ( `id` = 0 ) LIMIT 1   [ RunTime:0.000119s ]
SQL: SELECT `member_name`,`member_logo` FROM `db_member` WHERE ( `member_card` = 'yixiuge' ) LIMIT 1   [ RunTime:0.000082s ]
NOTIC: [8] Undefined index: member_card /home/yixiugegygi4xtigudgge/wwwroot/Application/Modules/Wap/Action/BaseAction.class.php 第 970 行.
NOTIC: [8] Undefined index: member_logo /home/yixiugegygi4xtigudgge/wwwroot/Application/Modules/Wap/Action/BaseAction.class.php 第 971 行.
SQL: SELECT `member_vip_type` FROM `db_member` WHERE ( id= ) LIMIT 1   [ RunTime:0.000196s ]
ERR: 1064:You have an error in your SQL syntax; check the manual that corresponds to your MySQL server version for the right syntax to use near ') LIMIT 1' at line 1
 [ SQL语句 ] : SELECT `member_vip_type` FROM `db_member` WHERE ( id= ) LIMIT 1  
NOTIC: [8] Undefined index: member_name /home/yixiugegygi4xtigudgge/wwwroot/Application/Modules/Wap/Action/BaseAction.class.php 第 74 行.
NOTIC: [8] Undefined index: member_logo /home/yixiugegygi4xtigudgge/wwwroot/Application/Modules/Wap/Action/BaseAction.class.php 第 75 行.
NOTIC: [8] Undefined index:  /home/yixiugegygi4xtigudgge/wwwroot/Application/Modules/Wap/Action/BaseAction.class.php 第 77 行.
SQL: SHOW COLUMNS FROM `db_member_verification` [ RunTime:0.000660s ]
SQL: SELECT * FROM `db_member_verification` WHERE ( member_id= ) LIMIT 1   [ RunTime:0.000116s ]
ERR: 1064:You have an error in your SQL syntax; check the manual that corresponds to your MySQL server version for the right syntax to use near ') LIMIT 1' at line 1
 [ SQL语句 ] : SELECT * FROM `db_member_verification` WHERE ( member_id= ) LIMIT 1  
INFO: [ view_parse ] --START--
INFO: ParseTemplate Behavior ::run [ RunTime:0.014799s ]
INFO: [ view_parse ] --END-- [ RunTime:0.014934s ]
INFO: [ view_filter ] --START--
NOTIC: [8] Use of undefined constant APP_GROUP_PATH - assumed 'APP_GROUP_PATH' /home/yixiugegygi4xtigudgge/wwwroot/extend/ThinkPHP/Lib/Behavior/ContentReplaceBehavior.class.php 第 49 行.
INFO: ContentReplace Behavior ::run [ RunTime:0.000615s ]
INFO: TokenBuild Behavior ::run [ RunTime:0.000467s ]
INFO: WriteHtmlCache Behavior ::run [ RunTime:0.000298s ]
INFO: ShowRuntime Behavior ::run [ RunTime:0.000675s ]
INFO: [ view_filter ] --END-- [ RunTime:0.002306s ]
INFO: [ view_end ] --START--
INFO: ShowPageTrace Behavior ::run [ RunTime:0.000813s ]
INFO: [ view_end ] --END-- [ RunTime:0.000900s ]

[ 2017-03-29T21:21:22+08:00 ] 112.90.82.218 /wap/login/index.shtml
INFO: [ route_check ] --START--
INFO: CheckRoute Behavior ::run [ RunTime:0.000719s ]
INFO: [ route_check ] --END-- [ RunTime:0.000864s ]
NOTIC: [8] Constant __APP__ already defined /home/yixiugegygi4xtigudgge/wwwroot/extend/ThinkPHP/Lib/Core/Dispatcher.class.php 第 143 行.
INFO: [ app_begin ] --START--
INFO: ReadHtmlCache Behavior ::run [ RunTime:0.000463s ]
INFO: [ app_begin ] --END-- [ RunTime:0.000521s ]
SQL: SHOW COLUMNS FROM `db_sys_param` [ RunTime:0.000787s ]
SQL: SELECT `param_value` FROM `db_sys_param` WHERE ( `param_code` = 'web_title' ) LIMIT 1   [ RunTime:0.000088s ]
SQL: SELECT `param_value` FROM `db_sys_param` WHERE ( `param_code` = 'web_copyright' ) LIMIT 1   [ RunTime:0.000110s ]
SQL: SHOW COLUMNS FROM `db_member_rember_token` [ RunTime:0.000447s ]
SQL: SELECT * FROM `db_member_rember_token` WHERE ( `session_id` = '084ec7f1cfe876daa80ac0b0e39405f3' ) AND ( `add_time` > 1489584082 ) LIMIT 1   [ RunTime:0.000393s ]
NOTIC: [8] Undefined index: member /home/yixiugegygi4xtigudgge/wwwroot/Application/Modules/Wap/Action/BaseAction.class.php 第 27 行.
NOTIC: [8] Undefined index: member /home/yixiugegygi4xtigudgge/wwwroot/Application/Modules/Wap/Action/BaseAction.class.php 第 29 行.
NOTIC: [8] Undefined index: member /home/yixiugegygi4xtigudgge/wwwroot/Application/Modules/Wap/Action/BaseAction.class.php 第 30 行.
NOTIC: [8] Undefined index: member /home/yixiugegygi4xtigudgge/wwwroot/Application/Modules/Wap/Action/BaseAction.class.php 第 31 行.
NOTIC: [8] Undefined index: member /home/yixiugegygi4xtigudgge/wwwroot/Application/Modules/Wap/Action/BaseAction.class.php 第 32 行.
NOTIC: [8] Undefined index: tuijian_user /home/yixiugegygi4xtigudgge/wwwroot/Application/Modules/Wap/Action/BaseAction.class.php 第 48 行.
SQL: SHOW COLUMNS FROM `db_member` [ RunTime:0.000738s ]
SQL: SELECT `recommend_code` FROM `db_member` WHERE ( `id` = 0 ) LIMIT 1   [ RunTime:0.000083s ]
SQL: SELECT `member_name`,`member_logo` FROM `db_member` WHERE ( `member_card` = 'yixiuge' ) LIMIT 1   [ RunTime:0.000078s ]
NOTIC: [8] Undefined index: member_card /home/yixiugegygi4xtigudgge/wwwroot/Application/Modules/Wap/Action/BaseAction.class.php 第 970 行.
NOTIC: [8] Undefined index: member_logo /home/yixiugegygi4xtigudgge/wwwroot/Application/Modules/Wap/Action/BaseAction.class.php 第 971 行.
SQL: SELECT `member_vip_type` FROM `db_member` WHERE ( id= ) LIMIT 1   [ RunTime:0.000287s ]
ERR: 1064:You have an error in your SQL syntax; check the manual that corresponds to your MySQL server version for the right syntax to use near ') LIMIT 1' at line 1
 [ SQL语句 ] : SELECT `member_vip_type` FROM `db_member` WHERE ( id= ) LIMIT 1  
NOTIC: [8] Undefined index: member_name /home/yixiugegygi4xtigudgge/wwwroot/Application/Modules/Wap/Action/BaseAction.class.php 第 74 行.
NOTIC: [8] Undefined index: member_logo /home/yixiugegygi4xtigudgge/wwwroot/Application/Modules/Wap/Action/BaseAction.class.php 第 75 行.
NOTIC: [8] Undefined index:  /home/yixiugegygi4xtigudgge/wwwroot/Application/Modules/Wap/Action/BaseAction.class.php 第 77 行.
SQL: SHOW COLUMNS FROM `db_member_verification` [ RunTime:0.000693s ]
SQL: SELECT * FROM `db_member_verification` WHERE ( member_id= ) LIMIT 1   [ RunTime:0.000113s ]
ERR: 1064:You have an error in your SQL syntax; check the manual that corresponds to your MySQL server version for the right syntax to use near ') LIMIT 1' at line 1
 [ SQL语句 ] : SELECT * FROM `db_member_verification` WHERE ( member_id= ) LIMIT 1  
INFO: [ view_parse ] --START--
INFO: ParseTemplate Behavior ::run [ RunTime:0.007610s ]
INFO: [ view_parse ] --END-- [ RunTime:0.007692s ]
INFO: [ view_filter ] --START--
NOTIC: [8] Use of undefined constant APP_GROUP_PATH - assumed 'APP_GROUP_PATH' /home/yixiugegygi4xtigudgge/wwwroot/extend/ThinkPHP/Lib/Behavior/ContentReplaceBehavior.class.php 第 49 行.
INFO: ContentReplace Behavior ::run [ RunTime:0.000356s ]
INFO: TokenBuild Behavior ::run [ RunTime:0.000338s ]
INFO: WriteHtmlCache Behavior ::run [ RunTime:0.000198s ]
INFO: ShowRuntime Behavior ::run [ RunTime:0.000364s ]
INFO: [ view_filter ] --END-- [ RunTime:0.001407s ]
INFO: [ view_end ] --START--
INFO: ShowPageTrace Behavior ::run [ RunTime:0.000583s ]
INFO: [ view_end ] --END-- [ RunTime:0.000640s ]

[ 2017-03-29T21:21:27+08:00 ] 101.226.102.97 /wap/login/binding_phone.shtml
INFO: [ route_check ] --START--
INFO: CheckRoute Behavior ::run [ RunTime:0.000737s ]
INFO: [ route_check ] --END-- [ RunTime:0.000869s ]
NOTIC: [8] Constant __APP__ already defined /home/yixiugegygi4xtigudgge/wwwroot/extend/ThinkPHP/Lib/Core/Dispatcher.class.php 第 143 行.
INFO: [ app_begin ] --START--
INFO: ReadHtmlCache Behavior ::run [ RunTime:0.000475s ]
INFO: [ app_begin ] --END-- [ RunTime:0.000530s ]
SQL: SHOW COLUMNS FROM `db_sys_param` [ RunTime:0.000515s ]
SQL: SELECT `param_value` FROM `db_sys_param` WHERE ( `param_code` = 'web_title' ) LIMIT 1   [ RunTime:0.000099s ]
SQL: SELECT `param_value` FROM `db_sys_param` WHERE ( `param_code` = 'web_copyright' ) LIMIT 1   [ RunTime:0.000082s ]
SQL: SHOW COLUMNS FROM `db_member_rember_token` [ RunTime:0.000501s ]
SQL: SELECT * FROM `db_member_rember_token` WHERE ( `session_id` = 'bf7ecd23112bd3a1fbe2cc09b8a21b8b' ) AND ( `add_time` > 1489584087 ) LIMIT 1   [ RunTime:0.000390s ]
NOTIC: [8] Undefined index: member /home/yixiugegygi4xtigudgge/wwwroot/Application/Modules/Wap/Action/BaseAction.class.php 第 27 行.
NOTIC: [8] Undefined index: member /home/yixiugegygi4xtigudgge/wwwroot/Application/Modules/Wap/Action/BaseAction.class.php 第 29 行.
NOTIC: [8] Undefined index: member /home/yixiugegygi4xtigudgge/wwwroot/Application/Modules/Wap/Action/BaseAction.class.php 第 30 行.
NOTIC: [8] Undefined index: member /home/yixiugegygi4xtigudgge/wwwroot/Application/Modules/Wap/Action/BaseAction.class.php 第 31 行.
NOTIC: [8] Undefined index: member /home/yixiugegygi4xtigudgge/wwwroot/Application/Modules/Wap/Action/BaseAction.class.php 第 32 行.
NOTIC: [8] Undefined index: tuijian_user /home/yixiugegygi4xtigudgge/wwwroot/Application/Modules/Wap/Action/BaseAction.class.php 第 48 行.
SQL: SHOW COLUMNS FROM `db_member` [ RunTime:0.000739s ]
SQL: SELECT `recommend_code` FROM `db_member` WHERE ( `id` = 0 ) LIMIT 1   [ RunTime:0.000083s ]
SQL: SELECT `member_name`,`member_logo` FROM `db_member` WHERE ( `member_card` = 'yixiuge' ) LIMIT 1   [ RunTime:0.000078s ]
NOTIC: [8] Undefined index: member_card /home/yixiugegygi4xtigudgge/wwwroot/Application/Modules/Wap/Action/BaseAction.class.php 第 970 行.
NOTIC: [8] Undefined index: member_logo /home/yixiugegygi4xtigudgge/wwwroot/Application/Modules/Wap/Action/BaseAction.class.php 第 971 行.
SQL: SELECT `member_vip_type` FROM `db_member` WHERE ( id= ) LIMIT 1   [ RunTime:0.000171s ]
ERR: 1064:You have an error in your SQL syntax; check the manual that corresponds to your MySQL server version for the right syntax to use near ') LIMIT 1' at line 1
 [ SQL语句 ] : SELECT `member_vip_type` FROM `db_member` WHERE ( id= ) LIMIT 1  
NOTIC: [8] Undefined index: member_name /home/yixiugegygi4xtigudgge/wwwroot/Application/Modules/Wap/Action/BaseAction.class.php 第 74 行.
NOTIC: [8] Undefined index: member_logo /home/yixiugegygi4xtigudgge/wwwroot/Application/Modules/Wap/Action/BaseAction.class.php 第 75 行.
NOTIC: [8] Undefined index:  /home/yixiugegygi4xtigudgge/wwwroot/Application/Modules/Wap/Action/BaseAction.class.php 第 77 行.
SQL: SHOW COLUMNS FROM `db_member_verification` [ RunTime:0.000546s ]
SQL: SELECT * FROM `db_member_verification` WHERE ( member_id= ) LIMIT 1   [ RunTime:0.000108s ]
ERR: 1064:You have an error in your SQL syntax; check the manual that corresponds to your MySQL server version for the right syntax to use near ') LIMIT 1' at line 1
 [ SQL语句 ] : SELECT * FROM `db_member_verification` WHERE ( member_id= ) LIMIT 1  
SQL: SELECT COUNT(*) AS tp_count FROM `db_member_verification` WHERE ( member_id= ) LIMIT 1   [ RunTime:0.000112s ]
ERR: 1064:You have an error in your SQL syntax; check the manual that corresponds to your MySQL server version for the right syntax to use near ') LIMIT 1' at line 1
 [ SQL语句 ] : SELECT COUNT(*) AS tp_count FROM `db_member_verification` WHERE ( member_id= ) LIMIT 1  
INFO: [ view_parse ] --START--
INFO: ParseTemplate Behavior ::run [ RunTime:0.008690s ]
INFO: [ view_parse ] --END-- [ RunTime:0.008784s ]
INFO: [ view_filter ] --START--
NOTIC: [8] Use of undefined constant APP_GROUP_PATH - assumed 'APP_GROUP_PATH' /home/yixiugegygi4xtigudgge/wwwroot/extend/ThinkPHP/Lib/Behavior/ContentReplaceBehavior.class.php 第 49 行.
INFO: ContentReplace Behavior ::run [ RunTime:0.000439s ]
INFO: TokenBuild Behavior ::run [ RunTime:0.000295s ]
INFO: WriteHtmlCache Behavior ::run [ RunTime:0.000194s ]
INFO: ShowRuntime Behavior ::run [ RunTime:0.000392s ]
INFO: [ view_filter ] --END-- [ RunTime:0.001462s ]
INFO: [ view_end ] --START--
INFO: ShowPageTrace Behavior ::run [ RunTime:0.000524s ]
INFO: [ view_end ] --END-- [ RunTime:0.000587s ]

[ 2017-03-29T21:21:29+08:00 ] 117.176.255.181 /wap/login/cheack_account.shtml?mobile=18202322320
INFO: [ route_check ] --START--
INFO: CheckRoute Behavior ::run [ RunTime:0.000723s ]
INFO: [ route_check ] --END-- [ RunTime:0.000872s ]
NOTIC: [8] Constant __APP__ already defined /home/yixiugegygi4xtigudgge/wwwroot/extend/ThinkPHP/Lib/Core/Dispatcher.class.php 第 143 行.
INFO: [ app_begin ] --START--
INFO: ReadHtmlCache Behavior ::run [ RunTime:0.000414s ]
INFO: [ app_begin ] --END-- [ RunTime:0.000467s ]
SQL: SHOW COLUMNS FROM `db_member_rember_token` [ RunTime:0.000715s ]
SQL: SELECT * FROM `db_member_rember_token` WHERE ( `session_id` = '40ba3fd60e9c46abe032b67bb140898a' ) AND ( `add_time` > 1489584089 ) LIMIT 1   [ RunTime:0.000431s ]
NOTIC: [8] Undefined index: member /home/yixiugegygi4xtigudgge/wwwroot/Application/Modules/Wap/Action/BaseAction.class.php 第 27 行.
NOTIC: [8] Undefined index: member /home/yixiugegygi4xtigudgge/wwwroot/Application/Modules/Wap/Action/BaseAction.class.php 第 29 行.
NOTIC: [8] Undefined index: member /home/yixiugegygi4xtigudgge/wwwroot/Application/Modules/Wap/Action/BaseAction.class.php 第 30 行.
NOTIC: [8] Undefined index: member /home/yixiugegygi4xtigudgge/wwwroot/Application/Modules/Wap/Action/BaseAction.class.php 第 31 行.
NOTIC: [8] Undefined index: member /home/yixiugegygi4xtigudgge/wwwroot/Application/Modules/Wap/Action/BaseAction.class.php 第 32 行.
NOTIC: [8] Undefined index: member_card /home/yixiugegygi4xtigudgge/wwwroot/Application/Modules/Wap/Action/BaseAction.class.php 第 970 行.
NOTIC: [8] Undefined index: member_logo /home/yixiugegygi4xtigudgge/wwwroot/Application/Modules/Wap/Action/BaseAction.class.php 第 971 行.
SQL: SHOW COLUMNS FROM `db_member` [ RunTime:0.001052s ]
SQL: SELECT `member_vip_type` FROM `db_member` WHERE ( id= ) LIMIT 1   [ RunTime:0.000145s ]
ERR: 1064:You have an error in your SQL syntax; check the manual that corresponds to your MySQL server version for the right syntax to use near ') LIMIT 1' at line 1
 [ SQL语句 ] : SELECT `member_vip_type` FROM `db_member` WHERE ( id= ) LIMIT 1  
NOTIC: [8] Undefined index: member_name /home/yixiugegygi4xtigudgge/wwwroot/Application/Modules/Wap/Action/BaseAction.class.php 第 74 行.
NOTIC: [8] Undefined index: member_logo /home/yixiugegygi4xtigudgge/wwwroot/Application/Modules/Wap/Action/BaseAction.class.php 第 75 行.
NOTIC: [8] Undefined index:  /home/yixiugegygi4xtigudgge/wwwroot/Application/Modules/Wap/Action/BaseAction.class.php 第 77 行.
SQL: SHOW COLUMNS FROM `db_member_verification` [ RunTime:0.000504s ]
SQL: SELECT * FROM `db_member_verification` WHERE ( member_id= ) LIMIT 1   [ RunTime:0.000108s ]
ERR: 1064:You have an error in your SQL syntax; check the manual that corresponds to your MySQL server version for the right syntax to use near ') LIMIT 1' at line 1
 [ SQL语句 ] : SELECT * FROM `db_member_verification` WHERE ( member_id= ) LIMIT 1  
SQL: SELECT COUNT(*) AS tp_count FROM `db_member` WHERE ( `mobile` = '18202322320' ) OR ( `member_card` = '18202322320' ) LIMIT 1   [ RunTime:0.000457s ]

[ 2017-03-29T21:21:30+08:00 ] 180.153.214.176 /wap/member/index.shtml
INFO: [ route_check ] --START--
INFO: CheckRoute Behavior ::run [ RunTime:0.000747s ]
INFO: [ route_check ] --END-- [ RunTime:0.000921s ]
NOTIC: [8] Constant __APP__ already defined /home/yixiugegygi4xtigudgge/wwwroot/extend/ThinkPHP/Lib/Core/Dispatcher.class.php 第 143 行.
INFO: [ app_begin ] --START--
INFO: ReadHtmlCache Behavior ::run [ RunTime:0.000409s ]
INFO: [ app_begin ] --END-- [ RunTime:0.000466s ]
SQL: SHOW COLUMNS FROM `db_sys_param` [ RunTime:0.000774s ]
SQL: SELECT `param_value` FROM `db_sys_param` WHERE ( `param_code` = 'web_title' ) LIMIT 1   [ RunTime:0.000090s ]
SQL: SELECT `param_value` FROM `db_sys_param` WHERE ( `param_code` = 'web_copyright' ) LIMIT 1   [ RunTime:0.000117s ]
SQL: SHOW COLUMNS FROM `db_member_rember_token` [ RunTime:0.000473s ]
SQL: SELECT * FROM `db_member_rember_token` WHERE ( `session_id` = 'a111b89795093a58a888485e0353b463' ) AND ( `add_time` > 1489584090 ) LIMIT 1   [ RunTime:0.000422s ]
NOTIC: [8] Undefined index: member /home/yixiugegygi4xtigudgge/wwwroot/Application/Modules/Wap/Action/BaseAction.class.php 第 27 行.
NOTIC: [8] Undefined index: member /home/yixiugegygi4xtigudgge/wwwroot/Application/Modules/Wap/Action/BaseAction.class.php 第 29 行.
NOTIC: [8] Undefined index: member /home/yixiugegygi4xtigudgge/wwwroot/Application/Modules/Wap/Action/BaseAction.class.php 第 30 行.
NOTIC: [8] Undefined index: member /home/yixiugegygi4xtigudgge/wwwroot/Application/Modules/Wap/Action/BaseAction.class.php 第 31 行.
NOTIC: [8] Undefined index: member /home/yixiugegygi4xtigudgge/wwwroot/Application/Modules/Wap/Action/BaseAction.class.php 第 32 行.
NOTIC: [8] Undefined index: tuijian_user /home/yixiugegygi4xtigudgge/wwwroot/Application/Modules/Wap/Action/BaseAction.class.php 第 48 行.
SQL: SHOW COLUMNS FROM `db_member` [ RunTime:0.000811s ]
SQL: SELECT `recommend_code` FROM `db_member` WHERE ( `id` = 0 ) LIMIT 1   [ RunTime:0.000091s ]
SQL: SELECT `member_name`,`member_logo` FROM `db_member` WHERE ( `member_card` = 'yixiuge' ) LIMIT 1   [ RunTime:0.000078s ]
NOTIC: [8] Undefined index: member_card /home/yixiugegygi4xtigudgge/wwwroot/Application/Modules/Wap/Action/BaseAction.class.php 第 970 行.
NOTIC: [8] Undefined index: member_logo /home/yixiugegygi4xtigudgge/wwwroot/Application/Modules/Wap/Action/BaseAction.class.php 第 971 行.
SQL: SELECT `member_vip_type` FROM `db_member` WHERE ( id= ) LIMIT 1   [ RunTime:0.000261s ]
ERR: 1064:You have an error in your SQL syntax; check the manual that corresponds to your MySQL server version for the right syntax to use near ') LIMIT 1' at line 1
 [ SQL语句 ] : SELECT `member_vip_type` FROM `db_member` WHERE ( id= ) LIMIT 1  
NOTIC: [8] Undefined index: member_name /home/yixiugegygi4xtigudgge/wwwroot/Application/Modules/Wap/Action/BaseAction.class.php 第 74 行.
NOTIC: [8] Undefined index: member_logo /home/yixiugegygi4xtigudgge/wwwroot/Application/Modules/Wap/Action/BaseAction.class.php 第 75 行.
NOTIC: [8] Undefined index:  /home/yixiugegygi4xtigudgge/wwwroot/Application/Modules/Wap/Action/BaseAction.class.php 第 77 行.
SQL: SHOW COLUMNS FROM `db_member_verification` [ RunTime:0.000741s ]
SQL: SELECT * FROM `db_member_verification` WHERE ( member_id= ) LIMIT 1   [ RunTime:0.000136s ]
ERR: 1064:You have an error in your SQL syntax; check the manual that corresponds to your MySQL server version for the right syntax to use near ') LIMIT 1' at line 1
 [ SQL语句 ] : SELECT * FROM `db_member_verification` WHERE ( member_id= ) LIMIT 1  

[ 2017-03-29T21:21:30+08:00 ] 180.153.214.176 /wap/login/index.shtml
INFO: [ route_check ] --START--
INFO: CheckRoute Behavior ::run [ RunTime:0.000801s ]
INFO: [ route_check ] --END-- [ RunTime:0.000960s ]
NOTIC: [8] Constant __APP__ already defined /home/yixiugegygi4xtigudgge/wwwroot/extend/ThinkPHP/Lib/Core/Dispatcher.class.php 第 143 行.
INFO: [ app_begin ] --START--
INFO: ReadHtmlCache Behavior ::run [ RunTime:0.000462s ]
INFO: [ app_begin ] --END-- [ RunTime:0.000519s ]
SQL: SHOW COLUMNS FROM `db_sys_param` [ RunTime:0.001146s ]
SQL: SELECT `param_value` FROM `db_sys_param` WHERE ( `param_code` = 'web_title' ) LIMIT 1   [ RunTime:0.000146s ]
SQL: SELECT `param_value` FROM `db_sys_param` WHERE ( `param_code` = 'web_copyright' ) LIMIT 1   [ RunTime:0.000141s ]
SQL: SHOW COLUMNS FROM `db_member_rember_token` [ RunTime:0.000821s ]
SQL: SELECT * FROM `db_member_rember_token` WHERE ( `session_id` = 'a111b89795093a58a888485e0353b463' ) AND ( `add_time` > 1489584090 ) LIMIT 1   [ RunTime:0.000204s ]
NOTIC: [8] Undefined index: member /home/yixiugegygi4xtigudgge/wwwroot/Application/Modules/Wap/Action/BaseAction.class.php 第 27 行.
NOTIC: [8] Undefined index: member /home/yixiugegygi4xtigudgge/wwwroot/Application/Modules/Wap/Action/BaseAction.class.php 第 29 行.
NOTIC: [8] Undefined index: member /home/yixiugegygi4xtigudgge/wwwroot/Application/Modules/Wap/Action/BaseAction.class.php 第 30 行.
NOTIC: [8] Undefined index: member /home/yixiugegygi4xtigudgge/wwwroot/Application/Modules/Wap/Action/BaseAction.class.php 第 31 行.
NOTIC: [8] Undefined index: member /home/yixiugegygi4xtigudgge/wwwroot/Application/Modules/Wap/Action/BaseAction.class.php 第 32 行.
NOTIC: [8] Undefined index: tuijian_user /home/yixiugegygi4xtigudgge/wwwroot/Application/Modules/Wap/Action/BaseAction.class.php 第 48 行.
SQL: SHOW COLUMNS FROM `db_member` [ RunTime:0.001398s ]
SQL: SELECT `recommend_code` FROM `db_member` WHERE ( `id` = 0 ) LIMIT 1   [ RunTime:0.000139s ]
SQL: SELECT `member_name`,`member_logo` FROM `db_member` WHERE ( `member_card` = 'yixiuge' ) LIMIT 1   [ RunTime:0.000137s ]
NOTIC: [8] Undefined index: member_card /home/yixiugegygi4xtigudgge/wwwroot/Application/Modules/Wap/Action/BaseAction.class.php 第 970 行.
NOTIC: [8] Undefined index: member_logo /home/yixiugegygi4xtigudgge/wwwroot/Application/Modules/Wap/Action/BaseAction.class.php 第 971 行.
SQL: SELECT `member_vip_type` FROM `db_member` WHERE ( id= ) LIMIT 1   [ RunTime:0.000325s ]
ERR: 1064:You have an error in your SQL syntax; check the manual that corresponds to your MySQL server version for the right syntax to use near ') LIMIT 1' at line 1
 [ SQL语句 ] : SELECT `member_vip_type` FROM `db_member` WHERE ( id= ) LIMIT 1  
NOTIC: [8] Undefined index: member_name /home/yixiugegygi4xtigudgge/wwwroot/Application/Modules/Wap/Action/BaseAction.class.php 第 74 行.
NOTIC: [8] Undefined index: member_logo /home/yixiugegygi4xtigudgge/wwwroot/Application/Modules/Wap/Action/BaseAction.class.php 第 75 行.
NOTIC: [8] Undefined index:  /home/yixiugegygi4xtigudgge/wwwroot/Application/Modules/Wap/Action/BaseAction.class.php 第 77 行.
SQL: SHOW COLUMNS FROM `db_member_verification` [ RunTime:0.001114s ]
SQL: SELECT * FROM `db_member_verification` WHERE ( member_id= ) LIMIT 1   [ RunTime:0.000209s ]
ERR: 1064:You have an error in your SQL syntax; check the manual that corresponds to your MySQL server version for the right syntax to use near ') LIMIT 1' at line 1
 [ SQL语句 ] : SELECT * FROM `db_member_verification` WHERE ( member_id= ) LIMIT 1  
INFO: [ view_parse ] --START--
INFO: ParseTemplate Behavior ::run [ RunTime:0.007710s ]
INFO: [ view_parse ] --END-- [ RunTime:0.007790s ]
INFO: [ view_filter ] --START--
NOTIC: [8] Use of undefined constant APP_GROUP_PATH - assumed 'APP_GROUP_PATH' /home/yixiugegygi4xtigudgge/wwwroot/extend/ThinkPHP/Lib/Behavior/ContentReplaceBehavior.class.php 第 49 行.
INFO: ContentReplace Behavior ::run [ RunTime:0.000370s ]
INFO: TokenBuild Behavior ::run [ RunTime:0.000295s ]
INFO: WriteHtmlCache Behavior ::run [ RunTime:0.000198s ]
INFO: ShowRuntime Behavior ::run [ RunTime:0.000376s ]
INFO: [ view_filter ] --END-- [ RunTime:0.001399s ]
INFO: [ view_end ] --START--
INFO: ShowPageTrace Behavior ::run [ RunTime:0.000515s ]
INFO: [ view_end ] --END-- [ RunTime:0.000617s ]

[ 2017-03-29T21:21:34+08:00 ] 117.176.255.181 /wap/login/dologin.shtml
INFO: [ route_check ] --START--
INFO: CheckRoute Behavior ::run [ RunTime:0.001148s ]
INFO: [ route_check ] --END-- [ RunTime:0.001367s ]
NOTIC: [8] Constant __APP__ already defined /home/yixiugegygi4xtigudgge/wwwroot/extend/ThinkPHP/Lib/Core/Dispatcher.class.php 第 143 行.
INFO: [ app_begin ] --START--
INFO: ReadHtmlCache Behavior ::run [ RunTime:0.000667s ]
INFO: [ app_begin ] --END-- [ RunTime:0.000759s ]
SQL: SHOW COLUMNS FROM `db_member_rember_token` [ RunTime:0.000692s ]
SQL: SELECT * FROM `db_member_rember_token` WHERE ( `session_id` = '40ba3fd60e9c46abe032b67bb140898a' ) AND ( `add_time` > 1489584094 ) LIMIT 1   [ RunTime:0.000387s ]
NOTIC: [8] Undefined index: member /home/yixiugegygi4xtigudgge/wwwroot/Application/Modules/Wap/Action/BaseAction.class.php 第 27 行.
NOTIC: [8] Undefined index: member /home/yixiugegygi4xtigudgge/wwwroot/Application/Modules/Wap/Action/BaseAction.class.php 第 29 行.
NOTIC: [8] Undefined index: member /home/yixiugegygi4xtigudgge/wwwroot/Application/Modules/Wap/Action/BaseAction.class.php 第 30 行.
NOTIC: [8] Undefined index: member /home/yixiugegygi4xtigudgge/wwwroot/Application/Modules/Wap/Action/BaseAction.class.php 第 31 行.
NOTIC: [8] Undefined index: member /home/yixiugegygi4xtigudgge/wwwroot/Application/Modules/Wap/Action/BaseAction.class.php 第 32 行.
NOTIC: [8] Undefined index: member_card /home/yixiugegygi4xtigudgge/wwwroot/Application/Modules/Wap/Action/BaseAction.class.php 第 970 行.
NOTIC: [8] Undefined index: member_logo /home/yixiugegygi4xtigudgge/wwwroot/Application/Modules/Wap/Action/BaseAction.class.php 第 971 行.
SQL: SHOW COLUMNS FROM `db_member` [ RunTime:0.001065s ]
SQL: SELECT `member_vip_type` FROM `db_member` WHERE ( id= ) LIMIT 1   [ RunTime:0.000145s ]
ERR: 1064:You have an error in your SQL syntax; check the manual that corresponds to your MySQL server version for the right syntax to use near ') LIMIT 1' at line 1
 [ SQL语句 ] : SELECT `member_vip_type` FROM `db_member` WHERE ( id= ) LIMIT 1  
NOTIC: [8] Undefined index: member_name /home/yixiugegygi4xtigudgge/wwwroot/Application/Modules/Wap/Action/BaseAction.class.php 第 74 行.
NOTIC: [8] Undefined index: member_logo /home/yixiugegygi4xtigudgge/wwwroot/Application/Modules/Wap/Action/BaseAction.class.php 第 75 行.
NOTIC: [8] Undefined index:  /home/yixiugegygi4xtigudgge/wwwroot/Application/Modules/Wap/Action/BaseAction.class.php 第 77 行.
SQL: SHOW COLUMNS FROM `db_member_verification` [ RunTime:0.000541s ]
SQL: SELECT * FROM `db_member_verification` WHERE ( member_id= ) LIMIT 1   [ RunTime:0.000108s ]
ERR: 1064:You have an error in your SQL syntax; check the manual that corresponds to your MySQL server version for the right syntax to use near ') LIMIT 1' at line 1
 [ SQL语句 ] : SELECT * FROM `db_member_verification` WHERE ( member_id= ) LIMIT 1  
NOTIC: [8] Undefined index: mobile_code /home/yixiugegygi4xtigudgge/wwwroot/Application/Modules/Wap/Action/LoginAction.class.php 第 32 行.
NOTIC: [8] Undefined index: rember /home/yixiugegygi4xtigudgge/wwwroot/Application/Modules/Wap/Action/LoginAction.class.php 第 33 行.
SQL: SELECT * FROM `db_member` WHERE ( `mobile` = '18202322320' ) OR ( `member_card` = '18202322320' ) LIMIT 1   [ RunTime:0.000516s ]
SQL: SHOW COLUMNS FROM `db_g_cart` [ RunTime:0.004455s ]
SQL: UPDATE `db_g_cart` SET `user_id`=3 WHERE ( `session_id` = '40ba3fd60e9c46abe032b67bb140898a' ) [ RunTime:0.000257s ]
SQL: DELETE FROM `db_member_rember_token` WHERE ( `session_id` = '40ba3fd60e9c46abe032b67bb140898a' ) [ RunTime:0.000215s ]
SQL: UPDATE `db_member` SET `last_login_ip`=null,`last_login_time`=null,`login_ip`='117.176.255.181',`login_time`=1490793694,`login_count`=1 WHERE ( `id` = null ) [ RunTime:0.000172s ]
SQL: SHOW COLUMNS FROM `db_member_login_log` [ RunTime:0.000931s ]
SQL: INSERT INTO `db_member_login_log` (`member_id`,`login_ip`,`login_time`,`type`) VALUES (3,'117.176.255.181',1490793694,1) [ RunTime:0.008264s ]

[ 2017-03-29T21:21:35+08:00 ] 117.176.255.181 /wap/member/index.shtml
INFO: [ route_check ] --START--
INFO: CheckRoute Behavior ::run [ RunTime:0.001015s ]
INFO: [ route_check ] --END-- [ RunTime:0.001178s ]
NOTIC: [8] Constant __APP__ already defined /home/yixiugegygi4xtigudgge/wwwroot/extend/ThinkPHP/Lib/Core/Dispatcher.class.php 第 143 行.
INFO: [ app_begin ] --START--
INFO: ReadHtmlCache Behavior ::run [ RunTime:0.000466s ]
INFO: [ app_begin ] --END-- [ RunTime:0.000525s ]
SQL: SHOW COLUMNS FROM `db_sys_param` [ RunTime:0.000738s ]
SQL: SELECT `param_value` FROM `db_sys_param` WHERE ( `param_code` = 'web_title' ) LIMIT 1   [ RunTime:0.000109s ]
SQL: SELECT `param_value` FROM `db_sys_param` WHERE ( `param_code` = 'web_copyright' ) LIMIT 1   [ RunTime:0.000083s ]
SQL: SHOW COLUMNS FROM `db_member` [ RunTime:0.000751s ]
SQL: SELECT `is_guanzhu` FROM `db_member` WHERE ( `id` = 3 ) LIMIT 1   [ RunTime:0.000379s ]
NOTIC: [8] Undefined index: user_info /home/yixiugegygi4xtigudgge/wwwroot/Application/Modules/Wap/Action/BaseAction.class.php 第 897 行.
SQL: SELECT * FROM `db_member` WHERE ( `id` = 3 ) LIMIT 1   [ RunTime:0.000326s ]
SQL: SELECT * FROM `db_member` WHERE ( `id` = 3 ) LIMIT 1   [ RunTime:0.000101s ]
SQL: SELECT `member_vip_type` FROM `db_member` WHERE ( id=3 ) LIMIT 1   [ RunTime:0.000263s ]
SQL: SHOW COLUMNS FROM `db_member_verification` [ RunTime:0.000537s ]
SQL: SELECT * FROM `db_member_verification` WHERE ( member_id=3 ) LIMIT 1   [ RunTime:0.002990s ]
NOTIC: [8] Undefined variable: ch /home/yixiugegygi4xtigudgge/wwwroot/Application/Lib/Action/CommonAction.class.php 第 1100 行.
NOTIC: [2] curl_setopt() expects parameter 1 to be resource, null given /home/yixiugegygi4xtigudgge/wwwroot/Application/Lib/Action/CommonAction.class.php 第 1100 行.
NOTIC: [8] Undefined variable: ch /home/yixiugegygi4xtigudgge/wwwroot/Application/Lib/Action/CommonAction.class.php 第 1101 行.
NOTIC: [2] curl_setopt() expects parameter 1 to be resource, null given /home/yixiugegygi4xtigudgge/wwwroot/Application/Lib/Action/CommonAction.class.php 第 1101 行.
NOTIC: [8] Undefined variable: ch /home/yixiugegygi4xtigudgge/wwwroot/Application/Lib/Action/CommonAction.class.php 第 1100 行.
NOTIC: [2] curl_setopt() expects parameter 1 to be resource, null given /home/yixiugegygi4xtigudgge/wwwroot/Application/Lib/Action/CommonAction.class.php 第 1100 行.
NOTIC: [8] Undefined variable: ch /home/yixiugegygi4xtigudgge/wwwroot/Application/Lib/Action/CommonAction.class.php 第 1101 行.
NOTIC: [2] curl_setopt() expects parameter 1 to be resource, null given /home/yixiugegygi4xtigudgge/wwwroot/Application/Lib/Action/CommonAction.class.php 第 1101 行.
SQL: SELECT * FROM `db_member` WHERE ( `id` = 3 ) LIMIT 1   [ RunTime:0.000188s ]
SQL: SHOW COLUMNS FROM `db_member_detail` [ RunTime:0.001907s ]
SQL: SELECT * FROM `db_member_detail` WHERE ( `member_id` = '3' ) LIMIT 1   [ RunTime:0.003270s ]
SQL: SELECT COUNT(*) AS tp_count FROM db_g_collect_goods coll LEFT JOIN db_g_goods goods on goods.goods_id=coll.goods_id WHERE ( coll.user_id = '3' ) AND ( `is_attention` = 1 ) LIMIT 1   [ RunTime:0.009977s ]
SQL: SHOW COLUMNS FROM `db_member` [ RunTime:0.001403s ]
SQL: SELECT COUNT(*) AS tp_count FROM `db_member` WHERE ( recommend_code='00000002' or indirect_recommend_code='00000002' or indirect2_recommend_code='00000002' ) LIMIT 1   [ RunTime:0.000342s ]
SQL: SELECT COUNT(*) AS tp_count FROM db_member_good_collect coll LEFT JOIN db_group_goods goods on goods.id=coll.goods_id WHERE ( coll.member_id = '3' ) LIMIT 1   [ RunTime:0.002517s ]
SQL: SHOW COLUMNS FROM `db_member_consume_record` [ RunTime:0.001579s ]
SQL: SELECT SUM(money) AS tp_sum FROM `db_member_consume_record` WHERE ( `member_id` = 3 ) AND ( `status` = 1 ) AND ( `type` = 5 ) AND ( `type5_type` = 1 ) LIMIT 1   [ RunTime:0.002039s ]
SQL: SHOW COLUMNS FROM `db_g_order_info` [ RunTime:0.002094s ]
SQL: SELECT COUNT(*) AS tp_count FROM `db_g_order_info` WHERE ( `user_del` = 0 ) AND ( `user_id` = 3 ) AND ( activity_id = 0 or (activity_id > 0 and activity_status = 1) ) LIMIT 1   [ RunTime:0.001373s ]
SQL: SELECT COUNT(*) AS tp_count FROM `db_g_order_info` WHERE ( `user_del` = 0 ) AND ( `user_id` = 3 ) AND ( `pay_status` = 0 ) AND ( `order_status` = 0 ) AND ( `shipping_status` = 0 ) AND ( activity_id = 0 or (activity_id > 0 and activity_status = 1) ) LIMIT 1   [ RunTime:0.000715s ]
SQL: SELECT COUNT(*) AS tp_count FROM `db_g_order_info` WHERE ( `user_del` = 0 ) AND ( `user_id` = 3 ) AND ( `pay_status` = 2 ) AND ( `shipping_status` IN ('0','3') ) AND ( `order_status` IN ('1','0') ) AND ( activity_id = 0 or (activity_id > 0 and activity_status = 1) ) LIMIT 1   [ RunTime:0.000441s ]
SQL: SELECT COUNT(*) AS tp_count FROM `db_g_order_info` WHERE ( `user_del` = 0 ) AND ( `user_id` = 3 ) AND ( `pay_status` = 2 ) AND ( `shipping_status` = 1 ) AND ( `order_status` IN ('1','5') ) LIMIT 1   [ RunTime:0.000351s ]
SQL: SELECT COUNT(*) AS tp_count FROM `db_g_order_info` WHERE ( `user_del` = 0 ) AND ( `user_id` = 3 ) AND ( ((pay_status = 2 and shipping_status=2 ) or (pay_status = 2 and shipping_status=1 and order_status in ('2','3','4')) or (pay_status = 0 and order_status = 2 )) and (activity_id = 0 or (activity_id > 0 and activity_status = 1)) ) LIMIT 1   [ RunTime:0.000428s ]
SQL: SHOW COLUMNS FROM `db_g_order_refund_chat` [ RunTime:0.001072s ]
SQL: SELECT COUNT(*) AS tp_count FROM `db_g_order_refund_chat` WHERE ( `is_read` = 0 ) AND ( `member_id` = 3 ) AND ( `type` = 2 ) LIMIT 1   [ RunTime:0.001969s ]
INFO: [ view_parse ] --START--
NOTIC: [8] Undefined variable: vip_i /home/yixiugegygi4xtigudgge/wwwroot/Application/Runtime/Cache/Wap/84365976067c7ee7078aff0bc6738c10.php 第 64 行.
NOTIC: [8] Undefined variable: share_para /home/yixiugegygi4xtigudgge/wwwroot/Application/Runtime/Cache/Wap/84365976067c7ee7078aff0bc6738c10.php 第 103 行.
NOTIC: [8] Undefined variable: share_para /home/yixiugegygi4xtigudgge/wwwroot/Application/Runtime/Cache/Wap/84365976067c7ee7078aff0bc6738c10.php 第 107 行.
NOTIC: [8] Undefined variable: share_para /home/yixiugegygi4xtigudgge/wwwroot/Application/Runtime/Cache/Wap/84365976067c7ee7078aff0bc6738c10.php 第 115 行.
NOTIC: [8] Undefined variable: share_para /home/yixiugegygi4xtigudgge/wwwroot/Application/Runtime/Cache/Wap/84365976067c7ee7078aff0bc6738c10.php 第 116 行.
NOTIC: [8] Undefined index: layer /home/yixiugegygi4xtigudgge/wwwroot/Application/Runtime/Cache/Wap/84365976067c7ee7078aff0bc6738c10.php 第 228 行.
NOTIC: [8] Undefined index: layer /home/yixiugegygi4xtigudgge/wwwroot/Application/Runtime/Cache/Wap/84365976067c7ee7078aff0bc6738c10.php 第 267 行.
INFO: ParseTemplate Behavior ::run [ RunTime:0.028132s ]
INFO: [ view_parse ] --END-- [ RunTime:0.028229s ]
INFO: [ view_filter ] --START--
NOTIC: [8] Use of undefined constant APP_GROUP_PATH - assumed 'APP_GROUP_PATH' /home/yixiugegygi4xtigudgge/wwwroot/extend/ThinkPHP/Lib/Behavior/ContentReplaceBehavior.class.php 第 49 行.
INFO: ContentReplace Behavior ::run [ RunTime:0.000465s ]
INFO: TokenBuild Behavior ::run [ RunTime:0.000338s ]
INFO: WriteHtmlCache Behavior ::run [ RunTime:0.000200s ]
INFO: ShowRuntime Behavior ::run [ RunTime:0.000384s ]
INFO: [ view_filter ] --END-- [ RunTime:0.001529s ]
INFO: [ view_end ] --START--
INFO: ShowPageTrace Behavior ::run [ RunTime:0.000502s ]
INFO: [ view_end ] --END-- [ RunTime:0.000572s ]

